==== Secondary Structure Definition by the program DSSP, CMBI version by M.L. Hekkelman/2010-10-21 ==== DATE=2018-12-16        .
REFERENCE W. KABSCH AND C.SANDER, BIOPOLYMERS 22 (1983) 2577-2637                                                              .
HEADER    ENDODEOXYRIBONUCLEASE                   08-MAR-91   1ATN                                                             .
COMPND   2 MOLECULE: ACTIN;                                                                                                    .
SOURCE   2 ORGANISM_SCIENTIFIC: ORYCTOLAGUS CUNICULUS;                                                                         .
AUTHOR    W.KABSCH,H.G.MANNHERZ,D.SUCK,E.PAI,K.C.HOLMES                                                                        .
  630  3  2  1  1 TOTAL NUMBER OF RESIDUES, NUMBER OF CHAINS, NUMBER OF SS-BRIDGES(TOTAL,INTRACHAIN,INTERCHAIN)                .
 25576.4   ACCESSIBLE SURFACE OF PROTEIN (ANGSTROM**2)                                                                         .
  450 71.4   TOTAL NUMBER OF HYDROGEN BONDS OF TYPE O(I)-->H-N(J)  , SAME NUMBER PER 100 RESIDUES                              .
   39  6.2   TOTAL NUMBER OF HYDROGEN BONDS IN     PARALLEL BRIDGES, SAME NUMBER PER 100 RESIDUES                              .
   96 15.2   TOTAL NUMBER OF HYDROGEN BONDS IN ANTIPARALLEL BRIDGES, SAME NUMBER PER 100 RESIDUES                              .
    0  0.0   TOTAL NUMBER OF HYDROGEN BONDS OF TYPE O(I)-->H-N(I-5), SAME NUMBER PER 100 RESIDUES                              .
    1  0.2   TOTAL NUMBER OF HYDROGEN BONDS OF TYPE O(I)-->H-N(I-4), SAME NUMBER PER 100 RESIDUES                              .
    4  0.6   TOTAL NUMBER OF HYDROGEN BONDS OF TYPE O(I)-->H-N(I-3), SAME NUMBER PER 100 RESIDUES                              .
    0  0.0   TOTAL NUMBER OF HYDROGEN BONDS OF TYPE O(I)-->H-N(I-2), SAME NUMBER PER 100 RESIDUES                              .
    1  0.2   TOTAL NUMBER OF HYDROGEN BONDS OF TYPE O(I)-->H-N(I-1), SAME NUMBER PER 100 RESIDUES                              .
    0  0.0   TOTAL NUMBER OF HYDROGEN BONDS OF TYPE O(I)-->H-N(I+0), SAME NUMBER PER 100 RESIDUES                              .
    0  0.0   TOTAL NUMBER OF HYDROGEN BONDS OF TYPE O(I)-->H-N(I+1), SAME NUMBER PER 100 RESIDUES                              .
   48  7.6   TOTAL NUMBER OF HYDROGEN BONDS OF TYPE O(I)-->H-N(I+2), SAME NUMBER PER 100 RESIDUES                              .
   79 12.5   TOTAL NUMBER OF HYDROGEN BONDS OF TYPE O(I)-->H-N(I+3), SAME NUMBER PER 100 RESIDUES                              .
  158 25.1   TOTAL NUMBER OF HYDROGEN BONDS OF TYPE O(I)-->H-N(I+4), SAME NUMBER PER 100 RESIDUES                              .
    8  1.3   TOTAL NUMBER OF HYDROGEN BONDS OF TYPE O(I)-->H-N(I+5), SAME NUMBER PER 100 RESIDUES                              .
  1  2  3  4  5  6  7  8  9 10 11 12 13 14 15 16 17 18 19 20 21 22 23 24 25 26 27 28 29 30     *** HISTOGRAMS OF ***           .
  0  0  0  5  3  1  2  1  2  2  2  0  2  2  0  0  0  0  1  0  0  0  0  0  0  0  0  0  0  0    RESIDUES PER ALPHA HELIX         .
  0  1  2  1  1  2  0  0  0  0  0  0  0  0  0  0  0  0  0  0  0  0  0  0  0  0  0  0  0  0    PARALLEL BRIDGES PER LADDER      .
  3  6  1  5  3  2  1  0  0  0  0  0  0  0  0  0  0  0  0  0  0  0  0  0  0  0  0  0  0  0    ANTIPARALLEL BRIDGES PER LADDER  .
  2  1  0  0  3  1  0  0  0  0  0  0  0  0  0  0  0  0  0  0  0  0  0  0  0  0  0  0  0  0    LADDERS PER SHEET                .
  #  RESIDUE AA STRUCTURE BP1 BP2  ACC     N-H-->O    O-->H-N    N-H-->O    O-->H-N    TCO  KAPPA ALPHA  PHI   PSI    X-CA   Y-CA   Z-CA 
    1    1 A D     >>       0   0  109      0, 0.0     4,-2.0     0, 0.0     5,-1.0   0.000 360.0 360.0 360.0 -39.2  106.0   48.6   43.0
    2    2 A E  T  45 -     0   0  162      1,-0.3     0, 0.0     2,-0.2     0, 0.0   0.745 360.0  -4.3 -25.5 -50.2  109.1   50.7   43.9
    3    3 A D  T  >5S+     0   0   71     98,-0.1     4,-1.3     2,-0.1    -1,-0.3   0.412 118.5  87.3-129.5  -1.2  106.9   52.1   46.5
    4    4 A E  T  45S+     0   0  122      1,-0.2    -2,-0.2     2,-0.2     3,-0.2   0.919 112.4  24.1 -59.7 -42.3  103.5   50.4   45.8
    5    5 A T  T  <5S+     0   0   59     -4,-2.0    -1,-0.2     1,-0.1    -3,-0.1   0.805 121.8  63.3 -77.9 -40.8  104.7   47.6   48.0
    6    6 A T  T  4< +     0   0   14     -5,-1.0     2,-0.3    15,-0.1    -2,-0.2   0.360  68.9 108.8 -72.1 -15.9  107.1   49.8   49.9
    7    7 A A     <  -     0   0    1     -4,-1.3    15,-2.9    15,-0.2     2,-0.3  -0.594  53.4-154.4 -75.5 133.1  104.9   52.4   51.6
    8    8 A L  E     -Ab  21 103A   2     94,-2.9    96,-2.9    -2,-0.3     2,-0.4  -0.714   4.0-155.2-101.7 152.3  104.7   51.8   55.4
    9    9 A V  E     -Ab  20 104A   1     11,-2.3    11,-0.6    -2,-0.3     2,-0.6  -0.939  12.5-179.2-133.6 118.2  101.8   53.0   57.6
   10   10 A C  E     -Ab  19 105A   4     94,-2.4    96,-0.8    -2,-0.4     2,-0.7  -0.960   8.8-168.3-121.5 113.1  102.5   53.6   61.2
   11   11 A D  E     -A   18   0A  10      7,-3.1     7,-1.8    -2,-0.6     2,-0.5  -0.877  12.4-155.4-102.8 108.1   99.8   54.7   63.6
   12   12 A N  E     +A   17   0A   5     -2,-0.7     2,-0.2    94,-0.3     5,-0.2  -0.656  19.8 178.3 -86.9 120.0  101.2   55.9   66.9
   13   13 A G        -     0   0   11      3,-0.9    58,-0.2    -2,-0.5     4,-0.0  -0.597  43.5-113.2-117.4 174.8   98.8   55.6   69.8
   14   14 A S  S    S+     0   0    9     -2,-0.2    57,-0.2   145,-0.1    19,-0.1   0.813 116.9  12.2 -73.6 -31.4   98.7   56.2   73.5
   15   15 A G  S    S+     0   0    8      1,-0.3    18,-2.4    17,-0.1     2,-0.3   0.804 130.9  28.4-113.4 -47.9   98.4   52.5   74.3
   16   16 A L  E     - C   0  32A  70     16,-0.2    -3,-0.9    17,-0.1     2,-0.4  -0.856  57.7-143.5-120.3 149.7   99.2   50.6   71.0
   17   17 A V  E     -AC  12  31A   0     14,-2.3    14,-1.3    -2,-0.3     2,-0.4  -0.865  17.8-161.9 -99.8 140.3  101.2   51.1   67.8
   18   18 A K  E     +AC  11  30A  27     -7,-1.8    -7,-3.1    -2,-0.4     2,-0.3  -0.997  22.7 161.9-119.6 129.8   99.6   49.7   64.7
   19   19 A A  E     +AC  10  29A   0     10,-2.8    10,-2.5    -2,-0.4     9,-1.7  -0.928   7.4 110.8-147.9 167.2  102.0   49.2   61.7
   20   20 A G  E     -A    9   0A   0    -11,-0.6   -11,-2.3    -2,-0.3     2,-0.4  -0.983  61.1 -46.3 154.0-169.3  102.3   47.4   58.4
   21   21 A F  E >   -A    8   0A  30     -2,-0.3     3,-1.6     5,-0.2   -13,-0.2  -0.792  50.9-111.0-107.1 137.3  102.5   47.9   54.7
   22   22 A A  T 3  S+     0   0    4    -15,-2.9   -15,-0.2    -2,-0.4   323,-0.1  -0.514 110.1  45.2 -60.5 131.6  100.2   50.1   52.7
   23   23 A G  T 3  S+     0   0   52      1,-0.5    -1,-0.3    -2,-0.2   -18,-0.1  -0.404  87.9 106.9 119.9 -52.1   98.2   47.6   50.7
   24   24 A D    <   -     0   0   45     -3,-1.6    -1,-0.5     1,-0.1   320,-0.0  -0.044  69.1-132.7 -59.7 162.2   97.5   45.2   53.6
   25   25 A D  S    S+     0   0  151      1,-0.2    -1,-0.1    -3,-0.1   316,-0.1   0.639  85.6  13.3 -89.7 -18.9   94.0   45.0   55.1
   26   26 A A  S    S-     0   0   46     -5,-0.1    -5,-0.2   314,-0.1    -1,-0.2  -0.962  99.0 -69.8-152.7 157.5   95.1   45.2   58.7
   27   27 A P        -     0   0   19      0, 0.0    -7,-0.3     0, 0.0     3,-0.1  -0.260  26.2-153.9 -59.3 131.4   98.2   46.0   60.7
   28   28 A R  S    S+     0   0  147     -9,-1.7     2,-0.4     1,-0.2    -8,-0.2   0.785  85.6  38.3 -71.4 -25.8  101.1   43.6   60.5
   29   29 A A  E     +C   19   0A   4    -10,-2.5   -10,-2.8     2,-0.0     2,-0.4  -0.992  58.6 166.4-138.7 128.7  102.3   44.9   63.9
   30   30 A V  E     +C   18   0A  57     -2,-0.4   -12,-0.2   -12,-0.2   -14,-0.0  -0.984  21.8 139.7-138.4 126.6  100.3   45.8   67.0
   31   31 A F  E     -C   17   0A   2    -14,-1.3   -14,-2.3    -2,-0.4    24,-0.1  -0.988  51.3 -70.9-165.0 154.4  102.1   46.2   70.3
   32   32 A P  E     -C   16   0A  20      0, 0.0     2,-1.2     0, 0.0    23,-0.3  -0.124  35.3-128.5 -60.4 149.2  102.2   48.4   73.5
   33   33 A S        +     0   0    0    -18,-2.4    38,-0.3   -19,-0.1     2,-0.3  -0.580  66.5 120.5 -95.4  60.7  103.6   51.9   73.3
   34   34 A I        -     0   0    0     -2,-1.2    21,-1.4    35,-0.2     2,-0.4  -0.872  46.7-159.4-124.3 164.2  106.0   51.4   76.2
   35   35 A V  E     -FG  54  68B   0     33,-1.2    33,-1.2    -2,-0.3     2,-0.4  -0.952  18.8-155.4-144.7 114.8  109.8   51.7   76.7
   36   36 A G  E     -FG  53  67B   0     17,-2.7    17,-2.5    -2,-0.4    31,-0.2  -0.795   7.2-164.1-101.4 142.0  111.1   49.9   79.7
   37   37 A R  E     - G   0  66B  68     29,-1.9    29,-2.7    -2,-0.4    15,-0.2  -0.975  30.9-111.9-125.6 113.6  114.3   50.8   81.4
   38   38 A P  E     - G   0  65B  31      0, 0.0    27,-0.3     0, 0.0    24,-0.0  -0.193  13.3-153.8 -56.4 122.5  115.8   48.1   83.9
   39   39 A R  S    S+     0   0   82     25,-3.6     2,-0.3     1,-0.0    26,-0.2   0.620  77.6  33.3 -63.8 -19.0  115.7   49.0   87.5
   40   40 A H  S    S-     0   0   16     24,-0.6     2,-0.4     2,-0.0   397,-0.1  -0.966  84.0-103.3-139.8 158.6  118.7   46.7   88.2
   41   41 A Q        +     0   0   79    392,-0.4   397,-1.3   395,-0.3     2,-0.3  -0.657  69.9  85.0 -87.0 136.3  121.9   45.4   86.7
   42   42 A G  E     -h  438   0C   9     -2,-0.4     8,-0.4   395,-0.3     2,-0.3  -0.958  56.9-109.6 162.3-179.7  121.8   41.8   85.4
   43   43 A V  E     -h  439   0C  25    395,-2.1   397,-2.2    -2,-0.3     2,-0.3  -0.934  17.3-115.0-138.2 162.5  120.9   39.6   82.4
   44   44 A M  E >   -h  440   0C   7      4,-0.4     3,-1.5    -2,-0.3     2,-0.3  -0.708  61.2 -81.0 -88.2 156.5  118.5   37.0   81.1
   45   45 A V  T 3  S+     0   0   16    395,-1.9   424,-0.2    -2,-0.3     3,-0.1  -0.407 115.2   5.8 -61.2 114.5  120.1   33.7   80.4
   46   46 A G  T 3  S+     0   0   45      1,-0.4    -1,-0.3    -2,-0.3     2,-0.2   0.230 111.4  97.0  99.3 -15.2  121.9   33.8   77.0
   47   47 A M    <   -     0   0  100     -3,-1.5    -1,-0.4     1,-0.1     2,-0.2  -0.611  68.3-121.3 -99.3 167.3  121.3   37.4   76.4
   48   48 A G        -     0   0   48     -2,-0.2    -4,-0.4     1,-0.1     2,-0.2  -0.437  49.3 -65.8 -91.6 172.7  123.5   40.4   77.0
   49   49 A Q        -     0   0  101     -2,-0.2     2,-0.5    -6,-0.1    -1,-0.1  -0.402  53.6-154.8 -58.0 130.2  122.9   43.5   79.1
   50   50 A K        -     0   0   86     -8,-0.4    -8,-0.1    -2,-0.2     3,-0.1  -0.936  15.2-162.1-120.4 133.6  120.0   45.4   77.6
   51   51 A D  S    S+     0   0  118     -2,-0.5     2,-0.3     1,-0.2    -1,-0.1   0.722  74.0  10.2 -83.1 -22.4  119.7   49.1   78.1
   52   52 A S        -     0   0    6    -15,-0.2     2,-0.3    13,-0.0   -15,-0.2  -0.986  56.2-152.0-157.9 158.4  116.1   49.2   77.1
   53   53 A Y  E     -F   36   0B  17    -17,-2.5   -17,-2.7    -2,-0.3     2,-0.3  -0.981  14.4-164.2-138.5 148.2  113.0   47.2   76.3
   54   54 A V  E >   -F   35   0B  15     -2,-0.3     3,-1.0   -19,-0.2     4,-0.2  -0.988  48.8 -17.3-139.8 144.9  110.0   48.1   74.0
   55   55 A G  T 3> S-     0   0    0    -21,-1.4     4,-1.4    -2,-0.3     3,-0.3  -0.434 125.2  -1.2  73.2-130.4  106.5   46.8   73.4
   56   56 A D  H 3> S+     0   0   91      1,-0.2     4,-3.1     2,-0.2     5,-0.3   0.849 129.6  58.7 -70.3 -36.4  105.7   43.4   74.7
   57   57 A E  H <> S+     0   0   76     -3,-1.0     4,-1.4     1,-0.2    -1,-0.2   0.857 108.5  48.9 -62.8 -25.3  109.2   42.6   76.1
   58   58 A A  H  4 S+     0   0    0     -3,-0.3    -1,-0.2    -4,-0.2    -2,-0.2   0.866 113.4  46.1 -76.3 -34.3  108.7   45.7   78.3
   59   59 A Q  H >< S+     0   0   37     -4,-1.4     3,-2.1     1,-0.2    -2,-0.2   0.986 114.0  47.6 -72.2 -49.6  105.3   44.6   79.3
   60   60 A S  H 3< S+     0   0   48     -4,-3.1     3,-0.3     1,-0.3    -2,-0.2   0.807 118.4  39.7 -60.3 -32.3  106.4   41.0   80.0
   61   61 A K  T >< S+     0   0    6     -4,-1.4     3,-1.7    -5,-0.3     4,-0.4   0.061  78.6 128.8-103.4  28.0  109.4   41.9   82.0
   62   62 A R  G X   +     0   0   41     -3,-2.1     3,-0.8     1,-0.3    -1,-0.2   0.753  57.4  71.0 -62.8 -25.2  107.7   44.9   83.8
   63   63 A G  G 3  S+     0   0    6    354,-2.0    -1,-0.3    -3,-0.3   355,-0.2   0.722 106.2  36.5 -61.5 -25.3  108.7   43.8   87.3
   64   64 A I  G <  S+     0   0    2     -3,-1.7   -25,-3.6   353,-0.4   -24,-0.6   0.435 112.5  63.0-109.7   7.3  112.4   44.7   86.8
   65   65 A L  E <  S-G   38   0B   6     -3,-0.8     2,-0.7    -4,-0.4   -29,-0.1  -0.806  77.8-119.7-125.3 161.0  112.0   47.8   84.6
   66   66 A T  E     -G   37   0B  75    -29,-2.7   -29,-1.9    -2,-0.3     2,-0.3  -0.912  37.2-144.4-105.7 117.0  110.6   51.3   84.9
   67   67 A L  E     -G   36   0B  52     -2,-0.7     2,-0.4   -31,-0.2   -31,-0.2  -0.691  17.3-169.9 -80.9 139.6  107.9   51.5   82.2
   68   68 A K  E     -G   35   0B  67    -33,-1.2   -33,-1.2    -2,-0.3    -2,-0.0  -1.000  18.5-145.4-140.3 137.9  107.3   54.8   80.3
   69   69 A Y        -     0   0  100     -2,-0.4   -35,-0.2   -35,-0.2     8,-0.1  -0.876   8.6-166.2 -96.8 101.9  104.6   55.9   78.0
   70   70 A P  S    S+     0   0    1      0, 0.0     7,-3.1     0, 0.0     8,-1.6   0.667  76.4  60.2 -59.8 -23.7  106.0   58.3   75.1
   71   71 A I  E     -N   76   0D   2    -38,-0.3     2,-0.8     5,-0.2     3,-0.4  -0.891  67.0-170.1-115.8 104.3  102.6   59.5   74.0
   72   72 A E  E >  S-N   75   0D  91      3,-1.5     3,-1.6    -2,-0.6   -58,-0.0  -0.822  77.4 -18.3 -97.5 114.8  100.5   61.2   76.6
   73   73 A X  T 3  S-     0   0   59     -2,-0.8    -1,-0.2     1,-0.3     3,-0.1   0.885 127.2 -52.8  61.5  39.8   96.9   61.7   75.4
   74   74 A G  T 3  S+     0   0   13     -3,-0.4     2,-0.3     1,-0.2    34,-0.3   0.232 117.9 105.3  85.7 -16.8   97.8   61.2   71.8
   75   75 A I  E <  S-N   72   0D  29     -3,-1.6    -3,-1.5    32,-0.1     2,-0.5  -0.786  78.5-114.2 -97.8 137.9  100.6   63.8   71.8
   76   76 A I  E     +N   71   0D  16     -2,-0.3    -5,-0.2    -5,-0.2     3,-0.2  -0.603  39.3 171.1 -75.1 118.5  104.3   62.7   71.8
   77   77 A T        +     0   0   87     -7,-3.1     2,-0.5    -2,-0.5    -6,-0.2   0.746  65.3  41.6 -98.7 -33.6  105.7   63.8   75.1
   78   78 A N     >  -     0   0   59     -8,-1.6     4,-0.9     1,-0.1    -1,-0.3  -0.895  57.7-175.3-124.9 113.1  109.1   62.2   75.1
   79   79 A W  H  > S+     0   0   53     -2,-0.5     4,-1.7     2,-0.2    -1,-0.1   0.652  83.4  56.8 -76.1 -20.4  111.1   62.2   71.8
   80   80 A D  H  > S+     0   0   81      1,-0.2     4,-1.3     2,-0.2    -1,-0.2   0.947 113.2  41.5 -73.4 -51.0  114.0   60.0   73.0
   81   81 A D  H  > S+     0   0    3      2,-0.2     4,-1.4     1,-0.2    -2,-0.2   0.658 112.1  54.9 -66.5 -20.9  111.6   57.3   73.9
   82   82 A M  H  X S+     0   0    0     -4,-0.9     4,-2.6     2,-0.2     5,-0.2   0.944 104.2  52.8 -79.0 -46.2  109.5   57.7   70.8
   83   83 A E  H  X S+     0   0   77     -4,-1.7     4,-2.8     1,-0.3    -2,-0.2   0.873 107.7  55.8 -57.0 -31.7  112.5   57.3   68.4
   84   84 A K  H  X S+     0   0   51     -4,-1.3     4,-2.3     2,-0.2    -1,-0.3   0.958 107.2  46.4 -63.0 -50.0  113.0   54.1   70.4
   85   85 A I  H  X S+     0   0    0     -4,-1.4     4,-2.2     2,-0.2    -2,-0.2   0.916 113.9  49.0 -62.1 -38.6  109.5   52.9   69.6
   86   86 A W  H  X S+     0   0    0     -4,-2.6     4,-2.6     2,-0.2     5,-0.2   0.953 109.2  52.1 -63.6 -45.6  109.9   53.8   65.9
   87   87 A H  H  X S+     0   0   93     -4,-2.8     4,-2.4     1,-0.3     5,-0.4   0.909 110.4  48.4 -54.1 -49.5  113.3   52.0   65.7
   88   88 A H  H  X>S+     0   0   32     -4,-2.3     5,-2.3     1,-0.2     4,-2.1   0.918 110.2  53.6 -56.7 -41.4  111.7   48.9   67.2
   89   89 A T  H  <>S+     0   0    2     -4,-2.2     5,-2.7     3,-0.2     6,-0.3   0.931 115.9  35.2 -65.0 -49.5  108.9   49.2   64.6
   90   90 A F  H  <>S+     0   0    2     -4,-2.6     6,-1.6     3,-0.2     5,-0.6   0.996 126.8  33.7 -67.8 -56.9  111.0   49.3   61.6
   91   91 A Y  H  <5S+     0   0   84     -4,-2.4    -3,-0.2     4,-0.2    -2,-0.2   0.764 132.0  18.2 -78.8 -30.1  113.8   47.1   62.5
   92   92 A N  T  <5S+     0   0   84     -4,-2.1    -3,-0.2    -5,-0.4    -1,-0.1   0.814 127.6  39.5-107.5 -49.1  112.3   44.4   64.7
   93   93 A E  T   <S+     0   0   66     -5,-2.3    -3,-0.2     1,-0.2    -4,-0.2   0.979 135.8  17.1 -69.7 -55.3  108.6   44.4   64.1
   94   94 A L  T   <S-     0   0   19     -5,-2.7    -1,-0.2    -6,-0.2    -3,-0.2   0.616  91.4-147.1 -93.5 -12.3  108.4   44.9   60.3
   95   95 A R      < +     0   0  218     -5,-0.6    -4,-0.2    -6,-0.3     2,-0.2   0.712  50.3 134.9  55.3  26.8  112.1   44.0   59.9
   96   96 A V        -     0   0   19     -6,-1.6    -1,-0.2    -7,-0.2    -2,-0.1  -0.562  63.5-118.1 -95.8 161.2  112.5   46.5   57.0
   97   97 A A    >   -     0   0   33     -2,-0.2     3,-0.9     1,-0.1     4,-0.0  -0.920  24.3-148.2 -92.4 127.2  115.3   48.9   56.4
   98   98 A P  G >  S+     0   0    0      0, 0.0     3,-2.4     0, 0.0    -1,-0.1   0.812  82.8  79.0 -67.1 -28.9  113.6   52.4   56.6
   99   99 A E  G 3  S+     0   0   85      1,-0.3    29,-0.1    30,-0.2    30,-0.0   0.393  99.9  39.5 -67.9   2.4  115.9   54.1   54.1
  100  100 A E  G <  S+     0   0  108     -3,-0.9    -1,-0.3   -94,-0.1    29,-0.1   0.186 102.5  82.5-127.4  20.9  114.2   52.6   51.1
  101  101 A H  S <  S-     0   0   21     -3,-2.4    30,-0.2   -94,-0.0   -94,-0.2  -0.976  71.6-131.9-125.0 127.6  110.5   52.8   52.3
  102  102 A P        -     0   0    5      0, 0.0   -94,-2.9     0, 0.0     2,-0.5  -0.534  30.9-148.5 -69.0 143.4  108.1   55.8   52.1
  103  103 A T  E     -bd   8 132A   0     28,-2.2    30,-1.1   -96,-0.2     2,-0.7  -0.961  12.8-161.9-122.1 114.7  106.5   56.1   55.6
  104  104 A L  E     -bd   9 133A   0    -96,-2.9   -94,-2.4    -2,-0.5     2,-0.2  -0.881  20.9-176.6 -96.3 123.1  102.9   57.5   56.3
  105  105 A L  E     -bd  10 134A   0     28,-2.9    30,-2.8    -2,-0.7     2,-0.4  -0.584  15.4-133.9-109.1 165.6  102.6   58.5   59.9
  106  106 A T  E     - d   0 135A   4    -96,-0.8   -94,-0.3    28,-0.2     2,-0.3  -0.928  15.9-171.9-122.2 152.6   99.6   59.7   61.9
  107  107 A E  E     - d   0 136A  15     28,-2.3    30,-2.3    -2,-0.4   -32,-0.1  -0.860  28.6 -94.9-127.7 172.6   99.2   62.6   64.3
  108  108 A A    >   -     0   0    3    -34,-0.3     3,-1.6    -2,-0.3   -34,-0.1  -0.393  44.1 -89.8 -84.8 162.2   96.5   63.7   66.6
  109  109 A P  T 3  S+     0   0   12      0, 0.0    66,-0.1     0, 0.0    -1,-0.1   0.824 118.6  15.9 -37.9 -58.3   93.7   66.3   66.1
  110  110 A L  T 3  S+     0   0   91      2,-0.0     3,-0.1    26,-0.0    -2,-0.0  -0.242  85.2 171.3-119.4  48.6   95.3   69.6   67.3
  111  111 A N    <   -     0   0   21     -3,-1.6     5,-0.1     1,-0.1     2,-0.0  -0.363  43.9-101.5 -60.7 124.4   98.9   68.3   67.2
  112  112 A P    >>  -     0   0   62      0, 0.0     3,-2.4     0, 0.0     4,-1.2  -0.327  23.8-124.2 -53.9 129.3  101.2   71.3   67.8
  113  113 A K  H 3> S+     0   0  145      1,-0.3     4,-2.0     2,-0.2     5,-0.1   0.785 110.2  58.9 -40.6 -39.7  102.8   72.6   64.6
  114  114 A A  H 3> S+     0   0   64      1,-0.2     4,-1.2     2,-0.2    -1,-0.3   0.685 101.8  52.0 -67.1 -30.7  106.2   72.1   66.1
  115  115 A N  H <> S+     0   0   24     -3,-2.4     4,-3.0     2,-0.2     5,-0.3   0.873 106.1  52.9 -72.4 -44.7  105.7   68.3   66.7
  116  116 A R  H  X S+     0   0   13     -4,-1.2     4,-0.8     1,-0.3    -2,-0.2   0.923 113.5  46.0 -63.0 -40.8  104.7   67.6   63.1
  117  117 A E  H  X S+     0   0   55     -4,-2.0     4,-2.3    -5,-0.2    -1,-0.3   0.868 112.2  51.9 -64.9 -35.6  108.0   69.4   62.2
  118  118 A K  H  X S+     0   0   75     -4,-1.2     4,-2.4     1,-0.2    -2,-0.2   0.951 108.2  47.3 -71.9 -46.1  109.9   67.4   64.9
  119  119 A M  H  X S+     0   0    1     -4,-3.0     4,-1.8     2,-0.2    -1,-0.2   0.719 112.7  52.2 -66.8 -16.0  108.8   63.9   63.8
  120  120 A T  H  X S+     0   0    0     -4,-0.8     4,-2.6    -5,-0.3     5,-0.5   0.914 106.7  51.9 -80.4 -44.3  109.7   65.0   60.3
  121  121 A Q  H  X S+     0   0   48     -4,-2.3     4,-2.6     1,-0.2     5,-0.3   0.931 116.1  41.8 -53.5 -45.6  113.1   66.1   61.5
  122  122 A I  H  X>S+     0   0    1     -4,-2.4     4,-1.6     3,-0.2     5,-1.5   0.855 113.6  51.7 -76.2 -34.3  113.5   62.6   63.1
  123  123 A M  H  X>S+     0   0    0     -4,-1.8     6,-1.0    -5,-0.2     4,-0.9   0.997 123.1  28.1 -65.9 -55.6  112.0   60.7   60.2
  124  124 A F  H  <5S+     0   0   16     -4,-2.6     4,-0.3     4,-0.2    -2,-0.2   0.901 128.4  40.0 -73.3 -43.2  114.2   62.3   57.5
  125  125 A E  H  <5S+     0   0  121     -4,-2.6    -3,-0.2    -5,-0.5    -1,-0.2   0.780 128.5  23.0 -86.7 -25.9  117.3   63.1   59.6
  126  126 A T  H  <5S+     0   0   67     -4,-1.6    -3,-0.2    -5,-0.3    -2,-0.1   0.720 135.0  31.8-108.4 -24.4  117.8   60.1   61.9
  127  127 A F  T  <<S-     0   0    8     -5,-1.5    -3,-0.2    -4,-0.9    -4,-0.1   0.633  88.7-145.9-100.2 -16.7  115.9   57.3   59.9
  128  128 A N      < +     0   0   98     -5,-0.7    -4,-0.2    -4,-0.3    -3,-0.1   0.921  26.6 179.2  57.5  49.5  116.7   58.6   56.4
  129  129 A V        -     0   0    2     -6,-1.0   -30,-0.2     1,-0.1    -1,-0.2  -0.542  34.4-125.0 -75.8 150.2  113.3   57.5   55.0
  130  130 A P  S    S-     0   0   40      0, 0.0   229,-2.2     0, 0.0     2,-0.3   0.946  84.7 -15.3 -59.8 -44.5  112.9   58.4   51.2
  131  131 A A  E     - E   0 358A   9    227,-0.2   -28,-2.2   -30,-0.2     2,-0.2  -0.963  65.7-174.5-156.7 156.4  109.7   60.2   51.7
  132  132 A M  E     -dE 103 357A   0    225,-1.9   225,-2.7    -2,-0.3     2,-0.3  -0.843   7.2-163.3-148.4-178.1  107.0   60.6   54.4
  133  133 A Y  E     -d  104   0A  26    -30,-1.1   -28,-2.9    -2,-0.2     2,-0.5  -0.872  14.7-141.4-170.5 139.7  103.6   62.1   55.2
  134  134 A V  E     -d  105   0A   0     -2,-0.3     2,-0.3   236,-0.2   -28,-0.2  -0.945  19.6-169.4-115.7 111.4  101.7   62.8   58.4
  135  135 A A  E     -d  106   0A   7    -30,-2.8   -28,-2.3    -2,-0.5     2,-0.3  -0.708  27.4-114.0 -93.6 153.0   97.8   62.2   58.2
  136  136 A I  E  >  -d  107   0A  38     -2,-0.3     4,-1.5   -30,-0.2     3,-0.2  -0.720  27.5-127.5 -85.1 142.0   95.4   63.4   61.0
  137  137 A Q  H >> S+     0   0   30    -30,-2.3     4,-1.9    -2,-0.3     3,-1.0   0.907 102.3  46.3 -60.7 -58.4   93.8   60.4   62.6
  138  138 A A  H 3> S+     0   0    0      1,-0.3     4,-2.6     2,-0.2    -1,-0.2   0.831 109.4  59.2 -49.3 -33.1   90.1   61.1   62.5
  139  139 A V  H 3> S+     0   0   35     -3,-0.2     4,-1.7     1,-0.2    -1,-0.3   0.914 106.5  45.4 -67.1 -38.9   90.6   62.1   58.9
  140  140 A L  H <X S+     0   0    3     -4,-1.5     4,-2.0    -3,-1.0    -1,-0.2   0.842 110.5  55.0 -73.2 -31.7   91.9   58.6   58.0
  141  141 A S  H  X S+     0   0    0     -4,-1.9     4,-0.6     2,-0.2    -2,-0.2   0.979 109.8  45.8 -64.6 -44.8   89.1   57.0   59.9
  142  142 A L  H >< S+     0   0    2     -4,-2.6     3,-0.9     1,-0.2     5,-0.5   0.869 112.6  49.5 -59.5 -45.9   86.5   58.9   57.9
  143  143 A Y  H >< S+     0   0   74     -4,-1.7     3,-1.9     1,-0.3    -1,-0.2   0.865 102.4  60.3 -65.7 -38.3   88.1   58.2   54.6
  144  144 A A  H 3< S+     0   0   21     -4,-2.0    -1,-0.3     1,-0.3    -2,-0.2   0.725 100.3  58.5 -64.5 -16.9   88.4   54.5   55.4
  145  145 A S  T << S-     0   0   23     -3,-0.9     2,-0.8    -4,-0.6    -1,-0.3   0.149 124.8-107.0 -98.1  23.9   84.5   54.5   55.7
  146  146 A G  S <  S+     0   0   63     -3,-1.9    -3,-0.1     1,-0.2    -2,-0.1  -0.327  83.0 103.2  85.5 -44.6   84.4   55.8   52.1
  147  147 A R        -     0   0   69     -2,-0.8    -2,-0.2    -5,-0.5    -1,-0.2   0.032  52.1-159.1 -84.5 176.6   83.4   59.4   52.9
  148  148 A T  S    S+     0   0   61      1,-0.3    20,-1.8    -3,-0.1     2,-0.4   0.519  80.3  49.3-122.9 -14.0   84.9   62.9   53.1
  149  149 A T  S    S+     0   0   14     17,-0.2    -1,-0.3    18,-0.2     2,-0.3  -0.985  74.7  94.8-131.3 136.3   82.4   64.9   55.2
  150  150 A G  E     -O  165   0E   0     15,-1.7    15,-3.0    -2,-0.4     2,-0.4  -0.918  68.4 -97.3 168.6-176.5   81.3   63.5   58.5
  151  151 A I  E     -Op 164 297E   0    145,-3.0   147,-2.6   142,-0.4     2,-0.5  -0.999  32.0-148.2-128.4 128.1   82.2   63.9   62.2
  152  152 A V  E     -Op 163 298E   0     11,-1.8    11,-2.2    -2,-0.4     2,-0.8  -0.887   6.1-156.6 -96.8 128.4   84.4   61.2   63.8
  153  153 A L  E     -Op 162 299E   4    145,-2.4   147,-2.2    -2,-0.5     2,-0.5  -0.935  24.9-170.6 -96.1 112.5   84.0   60.2   67.4
  154  154 A D  E     +Op 161 300E  15      7,-2.2     7,-2.7    -2,-0.8     2,-0.3  -0.954  12.2 168.0-114.0 128.6   87.5   58.8   67.9
  155  155 A S  E     +O  160   0E   2    145,-1.8   148,-1.5    -2,-0.5   149,-0.6  -0.938   9.0 139.5-147.6 112.4   88.3   56.9   71.2
  156  156 A G        -     0   0   25      3,-2.2    26,-2.5    -2,-0.3    27,-0.2   0.205  64.7 -44.0-121.9-120.1   91.3   54.8   72.1
  157  157 A D  S    S+     0   0   48     24,-0.2    26,-1.7    25,-0.2    27,-0.4   0.905 126.1   8.1 -95.6 -43.1   93.5   54.3   75.0
  158  158 A G  S    S+     0   0    0      1,-0.2     2,-0.3    24,-0.1    23,-0.1   0.695 122.2  40.5-109.2 -25.1   94.3   57.8   76.4
  159  159 A V        -     0   0   17     20,-0.2    -3,-2.2    21,-0.1     2,-0.3  -0.933  49.9-159.5-129.1 153.5   92.0   60.3   74.4
  160  160 A T  E     +OQ 155 178E   0     18,-1.8    18,-2.4    -2,-0.3     2,-0.3  -0.921  24.3 176.6-118.4 146.0   88.6   60.8   73.0
  161  161 A H  E     -OQ 154 177E   7     -7,-2.7    -7,-2.2    -2,-0.3     2,-0.4  -0.957  28.6-150.0-145.8 160.2   87.9   63.3   70.2
  162  162 A N  E     -OQ 153 176E   1     14,-1.6    14,-1.3    -2,-0.3    -9,-0.2  -0.986  20.7-177.1-128.4 116.1   85.3   64.6   67.9
  163  163 A V  E     -O  152   0E   0    -11,-2.2   -11,-1.8    -2,-0.4     2,-0.3  -0.882  12.7-156.3-125.6 104.6   86.7   65.8   64.7
  164  164 A P  E     -O  151   0E   0      0, 0.0     7,-3.0     0, 0.0     2,-0.4  -0.619  17.2-167.2 -73.6 126.8   84.2   67.4   62.3
  165  165 A I  E     -OR 150 170E   1    -15,-3.0   -15,-1.7    -2,-0.3     2,-0.5  -0.988  10.4-167.3-122.8 131.9   85.6   67.1   58.7
  166  166 A Y  E >  S- R   0 169E  99      3,-2.1     3,-2.1    -2,-0.4   -17,-0.2  -0.947  75.4 -26.1-123.6 117.2   84.3   68.9   55.6
  167  167 A E  T 3  S-     0   0  127     -2,-0.5   -18,-0.2     1,-0.3    -1,-0.1   0.820 129.0 -49.2  43.9  34.9   85.5   67.8   52.1
  168  168 A G  T 3  S+     0   0   36    -20,-1.8     2,-0.7     1,-0.2    -1,-0.3   0.092 112.7 113.2 103.3 -19.4   88.6   66.6   53.8
  169  169 A Y  E <   -R  166   0E 144     -3,-2.1    -3,-2.1   -21,-0.1    -1,-0.2  -0.817  62.7-136.2 -91.6 113.0   89.6   69.5   55.9
  170  170 A A  E     -R  165   0E  15     -2,-0.7    -5,-0.3    -5,-0.3   -19,-0.0  -0.448  24.0-121.4 -63.3 135.3   89.2   68.8   59.7
  171  171 A L    >>  -     0   0   20     -7,-3.0     3,-3.0     1,-0.2     4,-0.8  -0.601  22.4-162.8 -93.2  91.7   87.6   71.8   61.3
  172  172 A P  G >4 S+     0   0   60      0, 0.0     3,-0.7     0, 0.0    -1,-0.2   0.760  84.5  49.9 -38.5 -48.6   90.0   73.1   64.0
  173  173 A H  G 34 S+     0   0  109      1,-0.2    -2,-0.0   111,-0.0     0, 0.0   0.430 111.0  48.7 -78.9   5.7   87.6   75.2   66.0
  174  174 A A  G <4 S+     0   0    0     -3,-3.0    -1,-0.2   -10,-0.2   110,-0.1   0.595  82.0 111.9-121.7  -8.9   84.9   72.5   66.3
  175  175 A I    <<  -     0   0   17     -4,-0.8     2,-0.4    -3,-0.7   -12,-0.2  -0.396  48.6-163.3 -62.7 134.7   87.2   69.6   67.5
  176  176 A M  E     -Q  162   0E  51    -14,-1.3   -14,-1.6    -2,-0.1     2,-0.4  -0.959   5.1-158.7-128.2 141.5   86.6   68.5   71.1
  177  177 A R  E     -Q  161   0E 111     -2,-0.4     2,-0.5   -16,-0.2   -16,-0.2  -0.966   6.2-173.1-123.1 130.9   88.9   66.4   73.3
  178  178 A L  E     -Q  160   0E  11    -18,-2.4     2,-1.9    -2,-0.4   -18,-1.8  -0.968  18.3-146.7-125.7 110.4   87.7   64.4   76.3
  179  179 A D        +     0   0   56     -2,-0.5     2,-0.3   -20,-0.2   -20,-0.2  -0.429  68.3  96.6 -75.8  62.1   90.6   62.9   78.3
  180  180 A L        +     0   0    0     -2,-1.9     2,-0.2    81,-0.0   -22,-0.1  -0.891  47.5 136.8-147.3 119.9   88.7   59.7   79.4
  181  181 A A     >  -     0   0    0     -2,-0.3     4,-2.4   -24,-0.3   -24,-0.2  -0.616  66.4 -48.7-144.4-157.2   89.2   56.5   77.3
  182  182 A G  H  > S+     0   0    0    -26,-2.5     4,-1.1     1,-0.2   -25,-0.2   0.708 128.1  55.0 -59.6 -28.0   89.8   52.7   77.5
  183  183 A R  H >> S+     0   0   56    -26,-1.7     4,-1.4     2,-0.2     3,-0.6   0.948 111.4  43.6 -68.4 -54.0   92.7   53.1   80.1
  184  184 A D  H 3> S+     0   0   54    -27,-0.4     4,-1.6     1,-0.2    -2,-0.2   0.890 113.4  55.4 -55.4 -43.6   90.4   55.0   82.5
  185  185 A L  H 3X S+     0   0    0     -4,-2.4     4,-1.4     1,-0.2    -1,-0.2   0.714 103.5  51.0 -65.1 -30.0   87.7   52.5   81.7
  186  186 A T  H <X S+     0   0    5     -4,-1.1     4,-2.0    -3,-0.6    -1,-0.2   0.839 110.5  51.0 -76.3 -33.7   89.7   49.4   82.7
  187  187 A D  H  X S+     0   0   74     -4,-1.4     4,-1.5     1,-0.2    -2,-0.2   0.826 109.1  49.8 -78.6 -24.9   90.6   51.0   86.0
  188  188 A Y  H  X S+     0   0   18     -4,-1.6     4,-2.5     2,-0.2     5,-0.2   0.903 109.7  50.3 -77.0 -39.3   87.0   51.9   86.8
  189  189 A L  H  X S+     0   0    0     -4,-1.4     4,-1.7     1,-0.2     5,-0.2   0.940 105.8  60.0 -60.0 -43.8   85.9   48.3   86.0
  190  190 A M  H  X S+     0   0   33     -4,-2.0     4,-2.1     2,-0.2     3,-0.3   0.881 108.3  41.7 -44.8 -55.6   88.7   47.2   88.3
  191  191 A K  H >X S+     0   0   84     -4,-1.5     4,-2.9     2,-0.2     3,-0.7   0.981 113.6  50.9 -67.4 -52.7   87.2   49.0   91.2
  192  192 A I  H 3< S+     0   0    0     -4,-2.5    -1,-0.2     1,-0.3     4,-0.2   0.705 114.2  47.6 -62.1 -11.3   83.5   48.0   90.5
  193  193 A L  H 3< S+     0   0    0     -4,-1.7    -1,-0.3    -3,-0.3    -2,-0.2   0.789 113.3  43.8 -96.0 -33.2   84.7   44.4   90.3
  194  194 A T  H XX S+     0   0   61     -4,-2.1     4,-1.9    -3,-0.7     3,-1.3   0.854 113.0  55.3 -71.8 -34.4   86.7   44.5   93.6
  195  195 A E  T 3< S+     0   0  107     -4,-2.9    -2,-0.2     1,-0.3    -1,-0.2   0.724  94.4  66.0 -67.4 -25.1   83.7   46.4   94.9
  196  196 A R  T 34 S-     0   0   65     -5,-0.3    -1,-0.3    -4,-0.2    -2,-0.2   0.493 137.9 -86.0 -72.6  -1.6   81.6   43.3   93.8
  197  197 A G  T <4 S+     0   0   60     -3,-1.3     2,-0.3     1,-0.2    -2,-0.2   0.914  89.3 122.2  97.1  59.3   83.7   41.6   96.5
  198  198 A Y     <  -     0   0   56     -4,-1.9     2,-0.4    50,-0.0    -1,-0.2  -0.861  49.4-133.3-143.3 175.3   86.9   40.6   94.7
  199  199 A S        -     0   0   70     -2,-0.3     2,-1.1    -6,-0.0     3,-0.2  -0.933  10.9-176.0-145.6 118.2   90.7   40.8   94.5
  200  200 A F        +     0   0   27     -2,-0.4     3,-0.1     1,-0.2    -6,-0.0  -0.904  36.5 148.2-111.0  91.2   93.0   41.5   91.7
  201  201 A V        +     0   0  100     -2,-1.1    -1,-0.2     5,-0.0     2,-0.0   0.889  46.0  47.7 -98.2 -64.8   95.9   41.0   93.7
  202  202 A T  S >> S-     0   0   29     -3,-0.2     4,-2.0     1,-0.1     3,-1.9  -0.303  92.0-103.9 -78.2 168.8   98.9   39.6   91.6
  203  203 A T  H 3> S+     0   0   17      1,-0.3     4,-1.9     2,-0.2     5,-0.2   0.773 121.8  62.3 -68.0 -20.9   99.8   41.1   88.2
  204  204 A A  H 34 S+     0   0   32      2,-0.2    -1,-0.3     1,-0.2     4,-0.2   0.512 106.7  45.6 -77.2  -5.5   98.1   38.1   86.5
  205  205 A E  H <> S+     0   0   30     -3,-1.9     4,-0.7     2,-0.1    -2,-0.2   0.791 110.5  53.0 -98.5 -50.4   94.9   39.3   88.1
  206  206 A R  H >X S+     0   0  116     -4,-2.0     3,-1.6     1,-0.2     4,-0.6   0.938 107.8  49.3 -44.8 -57.4   95.4   43.0   87.2
  207  207 A E  H >X S+     0   0   68     -4,-1.9     3,-0.9     1,-0.3     4,-0.5   0.852 104.9  56.4 -59.7 -40.5   96.0   42.4   83.4
  208  208 A I  H 3> S+     0   0   26      1,-0.2     4,-1.4    -4,-0.2    -1,-0.3   0.595  87.8  74.6 -73.7 -11.9   93.0   40.2   82.8
  209  209 A V  H <X S+     0   0    0     -3,-1.6     4,-2.6    -4,-0.7    -1,-0.2   0.906  97.4  53.5 -64.7 -32.9   90.5   42.8   84.1
  210  210 A R  H <X S+     0   0  105     -3,-0.9     4,-2.2    -4,-0.6    -1,-0.2   0.856 106.3  49.8 -67.1 -35.3   91.2   44.5   80.8
  211  211 A D  H  X S+     0   0   38     -4,-0.5     4,-1.9     2,-0.2    -1,-0.2   0.717 109.3  52.7 -78.0 -21.1   90.4   41.2   79.0
  212  212 A I  H  X>S+     0   0    1     -4,-1.4     4,-2.7    -3,-0.2     5,-0.8   0.960 108.6  50.0 -71.0 -55.1   87.1   41.1   80.9
  213  213 A K  H  X5S+     0   0   14     -4,-2.6     4,-1.3     3,-0.2    -2,-0.2   0.908 114.9  44.1 -45.5 -53.5   86.3   44.7   79.8
  214  214 A E  H  <5S+     0   0  111     -4,-2.2    -1,-0.2     2,-0.1    -2,-0.2   0.977 122.4  34.5 -62.7 -54.4   87.0   43.8   76.2
  215  215 A K  H  <5S+     0   0  131     -4,-1.9    -2,-0.2     1,-0.2    -3,-0.2   0.904 129.9  24.8 -69.6 -47.5   85.1   40.4   76.0
  216  216 A L  H  <5S+     0   0   24     -4,-2.7    -3,-0.2    -5,-0.2    -1,-0.2   0.685  90.8 111.5 -99.0 -19.7   82.1   40.8   78.4
  217  217 A C     << -     0   0    2     -4,-1.3     2,-0.3    -5,-0.8    38,-0.2  -0.315  40.9-176.3 -72.9 144.6   81.4   44.6   78.4
  218  218 A Y        -     0   0  110     36,-1.6     2,-0.6    88,-0.2    41,-0.2  -0.848  27.4-139.0-128.7 153.9   78.4   46.1   76.9
  219  219 A V        -     0   0    4     88,-2.4     2,-0.2    -2,-0.3    93,-0.2  -0.956  32.1-155.5-120.4 107.0   76.8   49.5   76.3
  220  220 A A        -     0   0   12     -2,-0.6     2,-0.5    35,-0.2     3,-0.4  -0.539  12.5-133.6 -82.8 144.4   73.2   49.1   77.0
  221  221 A L  S    S+     0   0  100      1,-0.3    91,-0.1    -2,-0.2    88,-0.0  -0.867  98.3  24.5 -91.9 133.8   70.5   51.3   75.5
  222  222 A D  S    S+     0   0   79     -2,-0.5    -1,-0.3     1,-0.1    90,-0.0   0.994  71.6 179.6  58.3  70.3   68.2   52.3   78.3
  223  223 A F  S >> S+     0   0    3     -3,-0.4     4,-0.8     1,-0.2     3,-0.6   0.626  73.8  69.6 -70.8 -16.1   70.9   51.8   80.9
  224  224 A E  H >> S+     0   0  140      1,-0.2     4,-1.4     2,-0.2     3,-0.7   0.972 104.2  33.8 -62.1 -67.7   68.1   52.9   83.3
  225  225 A N  H 34 S+     0   0   86      1,-0.2    -1,-0.2     2,-0.2    -2,-0.1  -0.294 109.1  70.4 -92.1  44.9   65.9   49.9   83.1
  226  226 A E  H <> S+     0   0   61     -3,-0.6     4,-1.5    -2,-0.6    -1,-0.2   0.438  99.0  45.7-123.7 -33.8   68.9   47.7   82.7
  227  227 A M  H <X S+     0   0   71     -4,-0.8     4,-1.7    -3,-0.7    -2,-0.2   0.919 113.7  51.9 -66.8 -49.8   70.0   48.2   86.3
  228  228 A A  H  X S+     0   0   49     -4,-1.4     4,-1.3     1,-0.2     3,-0.2   0.910 110.1  48.4 -52.2 -45.0   66.2   47.6   87.1
  229  229 A T  H  > S+     0   0   51      1,-0.2     4,-0.9     2,-0.2     5,-0.4   0.876 104.2  60.5 -60.5 -40.4   66.6   44.4   85.0
  230  230 A A  H  < S+     0   0    9     -4,-1.5     3,-0.4     1,-0.2    -2,-0.2   0.886 103.4  52.2 -54.6 -42.1   69.8   43.5   87.0
  231  231 A A  H  < S+     0   0   84     -4,-1.7    -1,-0.2     1,-0.2    -2,-0.2   0.814 103.1  52.2 -64.6 -45.3   67.7   43.4   90.2
  232  232 A S  H  < S-     0   0  107     -4,-1.3    -1,-0.2    -3,-0.1    -2,-0.2   0.722 111.7-135.7 -60.5 -22.0   64.9   41.0   89.1
  233  233 A S     <  +     0   0   79     -4,-0.9     2,-0.2    -3,-0.4    -3,-0.1   0.990  33.1 178.7  47.8  89.9   68.0   38.9   88.1
  234  234 A S    >   -     0   0   56     -5,-0.4     2,-1.5    -4,-0.1     3,-0.8  -0.323  55.2 -77.1 -88.6-177.7   67.6   37.5   84.9
  235  235 A S  T 3  S+     0   0  134      1,-0.2    -2,-0.0    -2,-0.2    16,-0.0  -0.359  98.2 114.8 -84.3  53.1   70.1   35.3   83.1
  236  236 A L  T 3   +     0   0   26     -2,-1.5    -1,-0.2    -6,-0.1    -6,-0.1   0.690  48.3 104.9 -91.2 -29.2   72.0   38.7   82.4
  237  237 A E    <   -     0   0   70     -3,-0.8     2,-0.3    -7,-0.1    14,-0.3  -0.007  54.0-159.4 -50.5 154.4   75.0   37.6   84.5
  238  238 A K  E     -T  250   0F  83     12,-1.9    12,-1.6     2,-0.0     2,-0.5  -0.854   4.7-159.3-150.8 111.2   78.3   36.4   83.0
  239  239 A S  E     -T  249   0F  56     -2,-0.3     2,-0.4    10,-0.2    10,-0.3  -0.794   5.8-165.5 -94.6 129.8   81.1   34.3   84.6
  240  240 A Y  E     -T  248   0F  36      8,-2.0     8,-2.4    -2,-0.5     2,-0.6  -0.869  20.2-128.6-106.3 135.5   84.6   34.4   83.2
  241  241 A E  E     -T  247   0F 129     -2,-0.4     6,-0.2     6,-0.2     5,-0.2  -0.815  27.4-137.4 -91.5 122.9   87.2   31.7   84.2
  242  242 A L        -     0   0    9      4,-0.9    -1,-0.1    -2,-0.6   -37,-0.1   0.247  42.5 -72.9 -65.1-171.3   90.5   33.3   85.4
  243  243 A P  S    S+     0   0   88      0, 0.0     2,-0.1     0, 0.0    -1,-0.1   0.859 129.9  24.0 -53.7 -33.4   94.2   32.2   84.4
  244  244 A D  S    S-     0   0   86      2,-0.1     0, 0.0     0, 0.0     0, 0.0  -0.209 120.5 -69.8-103.9-160.0   93.3   29.3   86.8
  245  245 A G  S    S+     0   0   39     -4,-0.1    -3,-0.2    -2,-0.1     3,-0.1   0.919  84.2 124.3 -65.6 -50.4   89.8   27.9   87.8
  246  246 A Q        -     0   0   94     -5,-0.2    -4,-0.9     1,-0.1     2,-0.6   0.258  52.4-154.7 -18.7  73.5   88.7   30.9   89.9
  247  247 A V  E     -T  241   0F  90     -6,-0.2     2,-0.4    -8,-0.1    -6,-0.2  -0.467   8.5-162.3 -68.7 109.8   85.4   31.5   88.1
  248  248 A I  E     -T  240   0F   3     -8,-2.4    -8,-2.0    -2,-0.6     2,-0.4  -0.768   6.1-142.9 -94.3 140.2   84.6   35.1   88.6
  249  249 A T  E     +T  239   0F  40     -2,-0.4     2,-0.4   -10,-0.3   -10,-0.2  -0.892  18.8 177.2-112.1 139.2   81.0   36.4   87.9
  250  250 A I  E     +T  238   0F   1    -12,-1.6   -12,-1.9    -2,-0.4   -57,-0.0  -0.953  16.5 149.8-137.3 110.2   80.1   39.7   86.4
  251  251 A G  S    S+     0   0    0     -2,-0.4    -1,-0.1   -14,-0.3     4,-0.1   0.811  74.7  12.3 -97.1 -71.9   76.5   40.3   85.9
  252  252 A N  S >> S+     0   0   34      1,-0.2     3,-2.3     2,-0.1     4,-0.6   0.941 114.7  63.0 -80.4 -64.7   75.6   43.8   86.2
  253  253 A E  H 3> S+     0   0    5      1,-0.3     4,-1.7     2,-0.2    -1,-0.2   0.664  80.0  91.9 -40.6 -26.2   78.9   45.9   86.1
  254  254 A R  H 34 S+     0   0   36      1,-0.2   -36,-1.6     2,-0.2    -1,-0.3   0.780 101.7  22.9 -34.3 -41.6   79.4   44.5   82.7
  255  255 A F  H <> S+     0   0    5     -3,-2.3     4,-1.8   -38,-0.2    -1,-0.2   0.510 106.9  77.3-112.1 -12.2   77.6   47.7   81.4
  256  256 A R  H  < S+     0   0   52     -4,-0.6     4,-0.3     2,-0.2    -2,-0.2   0.780  92.4  59.6 -67.4 -24.4   78.2   50.1   84.3
  257  257 A C  T >< S+     0   0    0     -4,-1.7     3,-1.3     2,-0.2     4,-0.4   0.971 109.0  36.8 -71.4 -57.4   81.7   50.4   82.8
  258  258 A P  T >> S+     0   0    0      0, 0.0     3,-1.2     0, 0.0     4,-0.6   0.799 103.1  72.2 -70.3 -21.9   80.7   51.8   79.3
  259  259 A E  H >X S+     0   0   15     -4,-1.8     4,-2.2     1,-0.3     3,-0.9   0.798  86.8  71.6 -58.7 -17.2   77.8   53.9   81.0
  260  260 A T  H <4 S+     0   0    0     -3,-1.3    -1,-0.3    -4,-0.3     6,-0.2   0.920  87.1  59.6 -65.0 -39.9   81.0   55.8   82.2
  261  261 A L  H <4 S+     0   0    3     -3,-1.2    13,-1.5    -4,-0.4    -1,-0.2   0.771 114.3  34.9 -57.4 -26.1   81.5   57.1   78.6
  262  262 A F  H << S+     0   0   10     -3,-0.9    11,-0.2    -4,-0.6    -1,-0.2   0.710 127.5  39.8 -95.6 -27.7   78.0   58.8   78.8
  263  263 A Q    ><  +     0   0   50     -4,-2.2     3,-1.0    -5,-0.2    -1,-0.3  -0.922  59.2 175.5-123.3  96.3   78.2   59.7   82.5
  264  264 A P  G > >S+     0   0    7      0, 0.0     5,-2.3     0, 0.0     3,-1.9   0.637  74.8  81.7 -72.1 -17.8   81.8   60.9   83.4
  265  265 A S  G > 5S+     0   0   81      1,-0.3     3,-1.1     3,-0.2    -5,-0.1   0.682  74.4  72.8 -59.7 -21.0   80.3   61.6   86.9
  266  266 A F  G < 5S+     0   0   63     -3,-1.0    -1,-0.3     1,-0.3    -6,-0.1   0.616 107.5  35.3 -64.0 -20.8   80.8   57.8   87.6
  267  267 A I  G < 5S-     0   0   52     -3,-1.9    -1,-0.3     2,-0.2    -2,-0.2  -0.009 123.2 -94.7-128.2  29.6   84.4   58.6   87.8
  268  268 A G  T < 5S+     0   0   68     -3,-1.1     2,-0.5     1,-0.3    -3,-0.2   0.804  78.6 142.3  64.4  22.0   84.6   62.1   89.4
  269  269 A M      < -     0   0   51     -5,-2.3    -1,-0.3     1,-0.1    -2,-0.2  -0.887  36.6-168.7 -97.0 132.1   84.8   63.7   86.0
  270  270 A E        +     0   0  181     -2,-0.5    -1,-0.1    -3,-0.1    -5,-0.1   0.502  55.2 106.8 -91.4  -9.8   82.8   67.0   85.6
  271  271 A S  S    S-     0   0   43      1,-0.1    -6,-0.1    -7,-0.1    -2,-0.1  -0.192  78.5 -99.1 -63.1 160.7   83.2   67.1   81.8
  272  272 A A        -     0   0   38      1,-0.1     2,-0.2    -9,-0.1    -1,-0.1  -0.210  44.7-104.9 -74.1 170.7   80.3   66.4   79.5
  273  273 A G    >>  -     0   0    1    -11,-0.2     4,-2.3     1,-0.0     3,-1.5  -0.709  32.1 -88.9-108.3 162.1   79.9   62.9   77.9
  274  274 A I  H 3> S+     0   0    4    -13,-1.5     4,-2.4     1,-0.3     5,-0.1   0.667 121.1  44.4 -23.0 -54.6   80.5   61.4   74.4
  275  275 A H  H 3> S+     0   0   17      2,-0.2     4,-1.6     1,-0.2    -1,-0.3   0.830 115.1  46.1 -72.4 -37.5   77.0   62.1   73.0
  276  276 A E  H <> S+     0   0   82     -3,-1.5     4,-2.9     2,-0.2    -1,-0.2   0.883 113.3  51.4 -70.7 -36.5   76.6   65.6   74.2
  277  277 A T  H  X S+     0   0   12     -4,-2.3     4,-2.3     2,-0.3    -2,-0.2   0.892 105.5  54.3 -71.4 -38.5   80.1   66.3   73.0
  278  278 A T  H  X S+     0   0    0     -4,-2.4     4,-1.6    -5,-0.2    -1,-0.2   0.939 114.6  44.1 -52.1 -46.2   79.2   64.9   69.5
  279  279 A Y  H  X S+     0   0   43     -4,-1.6     4,-2.4     2,-0.2    -2,-0.3   0.923 109.6  52.1 -67.9 -49.3   76.4   67.4   69.6
  280  280 A N  H  < S+     0   0   64     -4,-2.9     4,-0.5     2,-0.3    -1,-0.2   0.880 107.2  54.0 -64.4 -31.6   78.3   70.3   70.9
  281  281 A S  H >< S+     0   0    0     -4,-2.3     3,-1.1     1,-0.2    -1,-0.2   0.924 110.5  50.0 -59.1 -45.1   80.9   69.9   68.2
  282  282 A I  H >< S+     0   0    0     -4,-1.6     3,-1.7     1,-0.3    -2,-0.3   0.898 106.2  50.3 -68.9 -46.6   78.1   70.0   65.8
  283  283 A M  T 3< S+     0   0   65     -4,-2.4    -1,-0.3     1,-0.3    -2,-0.2   0.467 106.7  60.6 -77.6  10.9   76.4   73.2   67.1
  284  284 A K  T <  S+     0   0  127     -3,-1.1    -1,-0.3    -4,-0.5    -2,-0.2   0.381  95.7  79.4-100.3  -6.6   79.9   74.8   66.9
  285  285 A C  S <  S-     0   0   10     -3,-1.7     5,-0.1    -4,-0.2    -3,-0.0  -0.448  99.0 -70.0 -96.3 169.2   80.1   74.2   63.1
  286  286 A D     >  -     0   0   76     -2,-0.1     4,-0.6     1,-0.1     3,-0.3  -0.398  42.8-126.9 -62.3 146.0   78.5   76.1   60.2
  287  287 A I  T  4 S+     0   0  121      1,-0.2     4,-0.4     2,-0.2    -1,-0.1   0.712 105.9  54.8 -58.4 -44.3   74.8   75.8   60.0
  288  288 A D  T  4 S+     0   0  120      1,-0.2     3,-0.4     2,-0.1     4,-0.3   0.767 109.5  49.7 -69.9 -26.8   74.6   74.7   56.4
  289  289 A I  T >> S+     0   0   13     -3,-0.3     4,-1.8     1,-0.2     3,-0.8   0.660  86.1  87.1 -90.8 -10.9   77.0   71.8   57.1
  290  290 A R  H 3X S+     0   0   46     -4,-0.6     4,-1.8     1,-0.2    -1,-0.2   0.797  82.2  56.8 -63.1 -27.3   75.2   70.5   60.2
  291  291 A K  H 3> S+     0   0  108     -3,-0.4     4,-1.3    -4,-0.4    -1,-0.2   0.915 109.2  49.6 -68.3 -28.8   72.8   68.1   58.2
  292  292 A D  H X4 S+     0   0   52     -3,-0.8     3,-0.6    -4,-0.3     4,-0.2   0.956 109.2  47.8 -69.0 -54.6   75.9   66.4   56.8
  293  293 A L  H >< S+     0   0    0     -4,-1.8     3,-1.9     1,-0.2  -142,-0.4   0.918 109.7  55.9 -53.3 -41.0   77.7   65.9   60.0
  294  294 A Y  H 3< S+     0   0    0     -4,-1.8    34,-1.7     1,-0.3     3,-0.4   0.816 107.3  46.3 -66.9 -31.9   74.5   64.5   61.5
  295  295 A A  T << S+     0   0   16     -4,-1.3    -1,-0.3    -3,-0.6    -2,-0.2   0.321 114.8  52.6 -90.2  11.6   74.0   61.8   58.9
  296  296 A N    <   +     0   0   31     -3,-1.9  -145,-3.0    -4,-0.2     2,-1.0  -0.359  56.1 152.8-148.8  64.9   77.7   60.8   59.2
  297  297 A N  E     -ps 151 329E   1     31,-2.8    33,-2.7    -3,-0.4     2,-0.5  -0.824  27.3-168.6 -92.8 100.5   78.8   60.1   62.7
  298  298 A V  E     -ps 152 330E   1   -147,-2.6  -145,-2.4    -2,-1.0     2,-0.4  -0.845   5.7-150.6 -98.2 135.6   81.7   57.7   62.0
  299  299 A M  E     +p  153   0E   0     31,-2.2     2,-0.3    -2,-0.5  -145,-0.2  -0.862  21.2 164.5-105.5 136.1   83.1   55.9   65.0
  300  300 A S  E     +p  154   0E   0   -147,-2.2  -145,-1.8    -2,-0.4    36,-0.2  -0.996  25.6  68.3-145.3 158.3   86.6   54.7   65.3
  301  301 A G  S >  S-     0   0    9     34,-2.0     3,-2.0    -2,-0.3  -145,-0.2  -0.007  77.5 -87.3 114.6 147.1   88.9   53.5   68.1
  302  302 A G  G >  S+     0   0   42     34,-0.3     3,-1.5     1,-0.3  -146,-0.2   0.893 122.5  54.2 -52.1 -42.7   89.3   50.5   70.5
  303  303 A T  G >  S+     0   0    7   -148,-1.5     3,-0.6     1,-0.3    -1,-0.3   0.645  98.1  63.4 -75.2  -8.4   87.0   51.9   73.1
  304  304 A T  G <  S+     0   0    1     -3,-2.0    -1,-0.3  -149,-0.6    -2,-0.2   0.283  82.3  84.6 -92.9  10.7   84.1   52.4   70.6
  305  305 A M  G <   +     0   0   63     -3,-1.5    -1,-0.2    -4,-0.1    -2,-0.1   0.646  52.3 119.3 -86.7 -16.2   83.9   48.7   70.1
  306  306 A Y  S X  S-     0   0   12     -3,-0.6     3,-0.9    -4,-0.2   -88,-0.2  -0.310  77.9-107.0 -47.1 113.8   81.7   48.0   73.2
  307  307 A P  T 3  S+     0   0   67      0, 0.0   -88,-2.4     0, 0.0    -1,-0.1  -0.101 102.0  26.7 -47.9 144.0   78.5   46.4   71.6
  308  308 A G  T 3> S+     0   0   22    -90,-0.2     4,-1.5    -3,-0.1     5,-0.1   0.649  83.4 118.7  77.1  17.2   75.4   48.6   71.5
  309  309 A I  H <> S+     0   0    3     -3,-0.9     4,-2.1     2,-0.2     5,-0.1   0.825  75.2  49.4 -76.2 -37.6   77.5   51.8   71.5
  310  310 A A  H  > S+     0   0   22      2,-0.2     4,-2.6    -4,-0.2     5,-0.1   0.932 110.0  49.6 -71.1 -48.2   76.1   52.8   68.2
  311  311 A D  H  > S+     0   0   92      1,-0.2     4,-2.3     2,-0.2     5,-0.3   0.908 112.7  47.6 -59.7 -45.2   72.3   52.2   69.3
  312  312 A R  H  X S+     0   0   30     -4,-1.5     4,-1.9   -93,-0.2    -1,-0.2   0.953 115.5  45.4 -60.5 -46.7   72.8   54.2   72.5
  313  313 A M  H  X S+     0   0    0     -4,-2.1     4,-2.6     2,-0.2     5,-0.2   0.844 109.0  57.4 -66.5 -31.5   74.6   57.0   70.4
  314  314 A Q  H  X S+     0   0   67     -4,-2.6     4,-1.8     1,-0.2    -1,-0.2   0.927 115.8  34.6 -59.4 -52.7   71.8   56.8   67.8
  315  315 A K  H  X S+     0   0  128     -4,-2.3     4,-1.2     2,-0.2    -1,-0.2   0.694 112.2  62.9 -79.4 -20.9   69.2   57.5   70.3
  316  316 A E  H  < S+     0   0   47     -4,-1.9    -2,-0.2    -5,-0.3    -1,-0.2   0.957 113.6  31.9 -72.4 -43.5   71.4   59.8   72.3
  317  317 A I  H >X S+     0   0    0     -4,-2.6     4,-2.2     2,-0.2     3,-1.9   0.811 110.7  63.6 -88.8 -23.4   71.8   62.4   69.6
  318  318 A T  H 3< S+     0   0   46     -4,-1.8     3,-0.3     1,-0.3    -3,-0.2   0.977 105.0  50.5 -55.5 -48.5   68.3   61.9   67.9
  319  319 A A  T 3< S+     0   0   75     -4,-1.2    -1,-0.3     1,-0.2    -2,-0.2   0.272 116.0  39.9 -73.9   9.6   66.8   63.1   71.0
  320  320 A L  T <4 S+     0   0   70     -3,-1.9    -1,-0.2     2,-0.1    -2,-0.2   0.498 102.0  82.3-121.8 -23.2   69.1   66.2   71.1
  321  321 A A  S  < S-     0   0   10     -4,-2.2     2,-0.1    -3,-0.3     6,-0.1  -0.517  96.1 -92.4 -82.2 148.7   69.0   67.1   67.4
  322  322 A P    >   -     0   0   57      0, 0.0     3,-2.4     0, 0.0    -1,-0.1  -0.423  39.0-121.9 -59.4 129.9   66.1   69.1   65.8
  323  323 A S  T 3  S+     0   0  130      1,-0.3    -2,-0.0    -2,-0.1    -4,-0.0   0.642 108.1  72.5 -54.1 -16.6   63.5   66.4   64.5
  324  324 A T  T 3  S+     0   0  139      2,-0.1    -1,-0.3     0, 0.0     2,-0.2   0.529  88.4  95.5 -69.0  -7.6   63.8   67.7   60.9
  325  325 A M  S <  S-     0   0   50     -3,-2.4     2,-0.5    -7,-0.1   -34,-0.1  -0.592  71.0-135.8 -98.6 150.1   67.2   66.0   61.0
  326  326 A K        -     0   0  129     -2,-0.2     2,-0.3   -35,-0.1    -2,-0.1  -0.885  21.0-160.3-100.1 125.1   68.5   62.7   59.9
  327  327 A I        +     0   0   18     -2,-0.5   -32,-0.2   -32,-0.1     2,-0.2  -0.757  12.5 176.4 -98.2 145.7   70.8   61.1   62.4
  328  328 A K        -     0   0   92    -34,-1.7   -31,-2.8    -2,-0.3     2,-0.8  -0.655  12.9-167.6-160.2 110.4   73.2   58.3   61.3
  329  329 A I  E     -s  297   0E  20     -2,-0.2     2,-0.5   -33,-0.2   -31,-0.2  -0.830   9.2-165.3 -98.8 100.1   75.8   56.6   63.4
  330  330 A I  E     +s  298   0E  28    -33,-2.7   -31,-2.2    -2,-0.8    -2,-0.0  -0.789  14.8 168.3 -89.5 126.4   78.3   54.5   61.3
  331  331 A A        -     0   0   29     -2,-0.5   -31,-0.1   -33,-0.2   -21,-0.1  -0.826  18.0-159.7-135.5  90.7   80.3   52.1   63.4
  332  332 A P    >   -     0   0   21      0, 0.0     3,-0.9     0, 0.0     6,-0.1  -0.306  23.8-119.3 -72.0 162.1   82.2   49.5   61.1
  333  333 A P  T 3  S+     0   0  100      0, 0.0     3,-0.5     0, 0.0     0, 0.0   0.859 111.9  52.7 -70.6 -37.5   83.5   46.2   62.5
  334  334 A E  T >  S+     0   0   81      1,-0.2     3,-3.1     2,-0.1     4,-0.2   0.495  74.3 125.2 -80.1   5.7   87.2   46.8   61.8
  335  335 A R  G X   +     0   0   24     -3,-0.9   -34,-2.0     1,-0.3     3,-1.2   0.612  57.2  70.2 -42.2 -26.7   86.9   50.1   63.7
  336  336 A K  G 3  S+     0   0  117     -3,-0.5   -34,-0.3     1,-0.2    -1,-0.3   0.722 114.7  31.1 -64.6 -16.5   89.8   49.3   66.2
  337  337 A Y  G <> S+     0   0   48     -3,-3.1     4,-2.8   -36,-0.1    -1,-0.2   0.152  83.9 115.2-119.8  20.9   92.0   49.8   63.0
  338  338 A S  H <> S+     0   0    5     -3,-1.2     4,-3.1     1,-0.2     5,-0.2   0.936  79.7  50.8 -52.0 -52.1   90.0   52.5   60.9
  339  339 A V  H  > S+     0   0   12     -4,-0.4     4,-1.4     1,-0.2    -1,-0.2   0.890 114.2  43.7 -47.8 -51.7   92.7   55.0   61.2
  340  340 A W  H  > S+     0   0    0      1,-0.2     4,-2.3     2,-0.2    -1,-0.2   0.898 113.1  49.8 -68.6 -40.8   95.3   52.5   60.0
  341  341 A I  H  X S+     0   0   22     -4,-2.8     4,-2.3     1,-0.2    -1,-0.2   0.909 107.2  55.3 -68.9 -38.6   93.2   51.1   57.2
  342  342 A G  H  X S+     0   0    0     -4,-3.1     4,-2.1     1,-0.2    -1,-0.2   0.826 110.3  47.4 -61.5 -32.9   92.4   54.7   56.0
  343  343 A G  H  X S+     0   0    0     -4,-1.4     4,-3.0    -5,-0.2    -1,-0.2   0.899 109.3  52.7 -75.3 -39.7   96.2   55.2   55.8
  344  344 A S  H  X S+     0   0    4     -4,-2.3     4,-1.3     2,-0.2    -2,-0.2   0.873 113.5  44.0 -61.4 -41.4   96.8   51.9   54.0
  345  345 A I  H >X S+     0   0   60     -4,-2.3     4,-1.5     2,-0.2     3,-0.6   0.990 116.9  44.6 -64.7 -60.8   94.2   52.9   51.3
  346  346 A L  H 3< S+     0   0   34     -4,-2.1     3,-0.3     1,-0.3     6,-0.3   0.877 115.4  46.6 -53.5 -47.4   95.4   56.4   50.9
  347  347 A A  H 3< S+     0   0    9     -4,-3.0    -1,-0.3     1,-0.2    -2,-0.2   0.758 112.5  48.9 -76.9 -22.7   99.1   55.6   50.8
  348  348 A S  H << S+     0   0   49     -4,-1.3    -1,-0.2    -3,-0.6    -2,-0.2   0.666  92.8 120.0 -85.8 -15.1   98.6   52.7   48.4
  349  349 A L  S >< S-     0   0   60     -4,-1.5     3,-1.0    -3,-0.3     4,-0.4  -0.150  71.4-128.7 -56.8 142.3   96.5   55.0   46.2
  350  350 A S  T 3  S+     0   0  111      1,-0.2     3,-0.4     2,-0.1    -1,-0.1   0.767 106.1  45.5 -55.5 -38.0   97.3   56.0   42.7
  351  351 A T  T 3  S+     0   0   90      1,-0.2     3,-0.4     2,-0.1    -1,-0.2   0.520  93.8  75.7 -94.0  -2.1   96.9   59.8   43.4
  352  352 A F    X>  +     0   0    2     -3,-1.0     3,-2.8    -6,-0.3     4,-0.8   0.679  69.7  86.3 -83.6 -16.0   98.8   60.1   46.6
  353  353 A Q  G >4 S+     0   0  112     -4,-0.4     3,-1.1    -3,-0.4    -1,-0.2   0.884  84.2  57.3 -54.9 -41.6  102.2   59.9   45.1
  354  354 A Q  G 34 S+     0   0  132     -3,-0.4    -1,-0.3     1,-0.2    -2,-0.1   0.422 104.0  53.3 -73.2  -1.4  102.2   63.6   44.4
  355  355 A M  G <4 S+     0   0   83     -3,-2.8    -1,-0.2     2,-0.1    -2,-0.2   0.530  76.6 115.2-104.4  -8.8  101.7   64.5   48.2
  356  356 A W    <<  -     0   0   19     -3,-1.1     2,-0.6    -4,-0.8  -223,-0.2  -0.403  68.9-129.3 -52.4 122.1  104.6   62.4   49.6
  357  357 A I  E     -E  132   0A  18   -225,-2.7  -225,-1.9    -2,-0.1     2,-0.2  -0.689  31.6-157.9 -76.8 115.7  107.2   64.8   51.2
  358  358 A T  E  >  -E  131   0A  45     -2,-0.6     4,-2.5  -227,-0.2  -227,-0.2  -0.647  31.1-111.3 -92.9 156.6  110.5   63.7   49.6
  359  359 A K  H  > S+     0   0  119   -229,-2.2     4,-3.1    -2,-0.2     5,-0.3   0.746 121.8  61.6 -49.6 -27.0  114.1   64.3   51.0
  360  360 A Q  H  > S+     0   0  102   -230,-0.2     4,-1.9     2,-0.2     5,-0.3   0.999 106.8  43.0 -64.5 -62.2  114.4   66.6   48.0
  361  361 A E  H  > S+     0   0   70      1,-0.2     4,-2.9     2,-0.2     5,-0.3   0.907 120.2  44.2 -46.4 -48.0  111.5   68.8   49.4
  362  362 A Y  H  X S+     0   0   13     -4,-2.5     4,-2.5     2,-0.2     3,-0.3   0.964 109.7  49.6 -65.9 -59.7  113.0   68.5   52.9
  363  363 A D  H  < S+     0   0  131     -4,-3.1    -1,-0.2     1,-0.3    -2,-0.2   0.782 122.7  39.7 -53.5 -24.3  116.7   69.1   52.3
  364  364 A E  H  < S+     0   0  141     -4,-1.9    -1,-0.3    -5,-0.3    -2,-0.2   0.822 126.4  27.7 -94.6 -30.6  115.6   72.1   50.3
  365  365 A A  H  < S-     0   0   53     -4,-2.9     3,-0.3    -5,-0.3    -3,-0.2   0.559  94.8-127.9-111.2  -9.4  112.6   73.6   52.4
  366  366 A G    ><  -     0   0   27     -4,-2.5     3,-2.2    -5,-0.3     4,-0.3  -0.034  53.6 -53.1  76.7 174.2  113.3   72.6   56.1
  367  367 A P  T >> S+     0   0   40      0, 0.0     4,-1.2     0, 0.0     3,-0.7   0.705 127.7  79.5 -58.4 -19.4  110.7   70.8   58.3
  368  368 A S  H 3> S+     0   0   71     -3,-0.3     4,-0.9     1,-0.2     3,-0.4   0.854  77.4  73.2 -50.4 -42.1  108.3   73.6   57.4
  369  369 A I  H <4 S+     0   0   54     -3,-2.2     3,-0.5     1,-0.3    -1,-0.2   0.818 105.0  31.9 -44.2 -52.0  107.7   71.8   54.0
  370  370 A V  H <4 S+     0   0    1     -3,-0.7    -1,-0.3    -4,-0.3  -236,-0.2   0.705 102.4  79.0 -83.4 -21.9  105.6   68.9   55.4
  371  371 A H  H  <        0   0   30     -4,-1.2    -1,-0.2    -3,-0.4    -2,-0.2   0.831 360.0 360.0 -58.4 -28.7  104.1   71.0   58.2
  372  372 A R     <        0   0  187     -4,-0.9    -3,-0.1    -3,-0.5    -2,-0.1   0.977 360.0 360.0  65.2 360.0  101.6   72.6   55.6
  373        !*             0   0    0      0, 0.0     0, 0.0     0, 0.0     0, 0.0   0.000 360.0 360.0 360.0 360.0    0.0    0.0    0.0
  374    1 D L              0   0   23      0, 0.0   257,-2.4     0, 0.0     2,-0.7   0.000 360.0 360.0 360.0 115.8  133.4   33.1   98.5
  375    2 D K  E     -I  630   0C  55    255,-0.2    31,-2.5   253,-0.1    32,-1.3  -0.903 360.0-175.8-104.5 115.4  130.2   31.7  100.0
  376    3 D I  E     +Ij 629 407C   0    253,-3.0   253,-2.3    -2,-0.7     2,-0.3  -0.885   5.8 170.6-109.5 144.9  128.1   30.0   97.4
  377    4 D A  E     -Ij 628 408C   0     30,-1.7    32,-1.6    -2,-0.3     2,-0.4  -0.979  27.7-146.0-152.9 162.9  124.6   28.5   97.9
  378    5 D A  E     -Ij 627 409C   0    249,-2.0   249,-2.1    -2,-0.3     2,-0.4  -0.998  22.2-177.4-129.9 132.5  121.4   27.0   96.2
  379    6 D F  E     - j   0 410C   1     30,-3.5    32,-1.6    -2,-0.4     2,-0.8  -0.973  18.2-156.9-142.6 113.3  118.1   27.6   97.8
  380    7 D N  E     - j   0 411C   0     -2,-0.4     2,-0.7   245,-0.3   244,-0.4  -0.840  14.9-166.3 -91.2 109.2  114.7   26.3   96.6
  381    8 D I  E >   -     0   0C   0     30,-1.7     3,-1.3    -2,-0.8   241,-0.2  -0.910  29.3-115.9 -99.2 117.9  112.2   28.7   97.9
  382    9 D R  E 3  S-     0   0C  83     -2,-0.7     3,-0.1     1,-0.3    30,-0.1  -0.338  87.1 -17.8 -56.2 115.6  108.8   27.0   97.6
  383   10 D T  E 3  S-     0   0C  62      1,-0.2     5,-0.4    -2,-0.1    -1,-0.3   0.924  78.1-162.7  58.0  45.3  106.7   29.1   95.2
  384   11 D F  E <   + j   0 413C   0     -3,-1.3    30,-2.4    28,-1.2     2,-0.3  -0.567  37.8 132.1 -59.9 122.5  108.8   32.2   95.4
  385   12 D G  S  > S-     0   0    8     -2,-0.2     4,-2.8    28,-0.2     5,-0.2  -0.945  72.5 -72.5-160.9-176.9  106.3   34.6   93.9
  386   13 D E  H  > S+     0   0   27     28,-0.3     4,-1.1    -2,-0.3    29,-0.1   0.805 128.0  50.2 -55.7 -39.7  104.6   38.0   94.3
  387   14 D T  H  > S+     0   0  102      2,-0.2     4,-0.8     1,-0.2     3,-0.5   0.942 109.9  48.6 -67.7 -49.6  102.6   36.7   97.1
  388   15 D K  H >4 S+     0   0   20     -5,-0.4     3,-0.7     1,-0.3     7,-0.3   0.875 113.3  48.4 -63.0 -41.0  105.6   35.3   99.0
  389   16 D M  H 3< S+     0   0    1     -4,-2.8    -1,-0.3     1,-0.2    -2,-0.2   0.775 100.8  66.7 -71.2 -23.0  107.4   38.6   98.5
  390   17 D S  H 3< S+     0   0   78     -4,-1.1    -1,-0.2    -3,-0.5     2,-0.2   0.821  80.7  85.4 -69.3 -27.5  104.4   40.5   99.7
  391   18 D N    <X  -     0   0   79     -4,-0.8     4,-2.0    -3,-0.7     5,-0.1  -0.571  68.7-155.2 -71.4 139.5  104.5   39.2  103.3
  392   19 D A  H  > S+     0   0   65     -2,-0.2     4,-2.4     2,-0.2    -1,-0.2   0.852  91.4  50.0 -80.9 -39.5  106.9   41.5  105.1
  393   20 D T  H  > S+     0   0   61      2,-0.2     4,-0.9     1,-0.2     3,-0.1   0.972 116.6  41.9 -66.2 -52.1  107.9   39.0  107.7
  394   21 D L  H >> S+     0   0   15      1,-0.2     4,-2.6     2,-0.2     3,-1.1   0.930 114.7  52.0 -58.2 -49.4  108.6   36.3  105.0
  395   22 D A  H 3X S+     0   0    0     -4,-2.0     4,-2.3    -7,-0.3    -1,-0.2   0.829 106.2  54.6 -55.1 -37.7  110.3   38.8  102.8
  396   23 D S  H 3X S+     0   0   60     -4,-2.4     4,-1.2     2,-0.2    -1,-0.3   0.775 109.7  45.7 -69.4 -26.6  112.6   39.9  105.6
  397   24 D Y  H <X S+     0   0   45     -3,-1.1     4,-1.7    -4,-0.9    -2,-0.2   0.941 111.4  51.3 -89.2 -40.9  113.8   36.3  106.2
  398   25 D I  H >X S+     0   0    0     -4,-2.6     4,-2.3     1,-0.2     3,-1.0   0.972 112.6  47.4 -58.2 -50.6  114.3   35.6  102.5
  399   26 D V  H 3X S+     0   0    3     -4,-2.3     4,-1.6     1,-0.3    -1,-0.2   0.841 112.1  50.3 -55.4 -35.3  116.4   38.8  102.2
  400   27 D R  H 3< S+     0   0  111     -4,-1.2    -1,-0.3     2,-0.2    -2,-0.2   0.748 111.9  46.1 -75.9 -29.6  118.4   37.9  105.4
  401   28 D I  H X< S+     0   0    0     -4,-1.7     3,-1.6    -3,-1.0     4,-0.2   0.895 111.6  51.9 -73.1 -47.9  119.2   34.4  104.2
  402   29 D V  H >< S+     0   0    0     -4,-2.3     3,-1.4     1,-0.3    -2,-0.2   0.802 100.4  63.5 -58.3 -39.4  120.2   35.7  100.7
  403   30 D R  T 3< S+     0   0   96     -4,-1.6    -1,-0.3    -5,-0.3    -2,-0.1   0.427  87.9  70.6 -74.4   7.4  122.5   38.2  102.2
  404   31 D R  T <  S+     0   0   68     -3,-1.6     2,-0.3     2,-0.0    -1,-0.2   0.732  94.8  68.7 -88.8 -12.9  124.7   35.4  103.7
  405   32 D Y    <   -     0   0    0     -3,-1.4   -29,-0.2    -4,-0.2     3,-0.1  -0.714  59.7-156.7-112.2 143.0  126.0   34.5  100.2
  406   33 D D  S    S+     0   0   13    -31,-2.5    52,-2.2     1,-0.3     2,-0.3   0.622  99.4  22.3 -83.9 -22.1  128.2   36.0   97.5
  407   34 D I  E    S+jK 376 457C   0    -32,-1.3   -30,-1.7    50,-0.2     2,-0.4  -0.981  76.5 178.9-139.8 125.9  126.5   33.8   94.8
  408   35 D V  E     -jK 377 456C   1     48,-2.1    48,-2.4    -2,-0.3     2,-0.4  -0.999  15.0-158.1-130.7 137.6  122.9   32.4   95.5
  409   36 D L  E     -jK 378 455C   0    -32,-1.6   -30,-3.5    -2,-0.4     2,-0.5  -0.951  12.1-163.0-111.4 130.8  120.7   30.2   93.1
  410   37 D I  E     -jK 379 454C   0     44,-1.9    44,-2.0    -2,-0.4     2,-0.2  -0.982   6.0-164.4-122.6 128.1  116.9   30.3   93.9
  411   38 D Q  E     +j  380   0C   0    -32,-1.6   -30,-1.7    -2,-0.5   -27,-0.3  -0.715  64.0  42.2-107.3 161.1  114.6   27.7   92.5
  412   39 D E  E     +     0   0C  22     40,-0.3     2,-1.2     1,-0.3   -28,-1.2   0.779  66.6 168.6  69.9  33.8  110.8   27.5   92.1
  413   40 D V  E     +jK 384 452C   0     39,-1.1    39,-2.3    -3,-0.2     2,-1.0  -0.662   9.2 179.6 -78.4  95.7  110.8   31.1   91.0
  414   41 D R        +     0   0   59    -30,-2.4     2,-0.4    -2,-1.2   -28,-0.3  -0.726  26.2 139.1-100.4  80.7  107.2   31.3   89.7
  415   42 D D        -     0   0    6     -2,-1.0   -30,-0.1   -30,-0.1    -2,-0.1  -0.920  28.6-177.2-131.8 103.9  107.3   34.9   88.6
  416   43 D S  S    S+     0   0   64     -2,-0.4    -1,-0.1     1,-0.2   -31,-0.0   0.883  87.9  23.2 -71.1 -45.4  105.5   35.7   85.3
  417   44 D H  S    S-     0   0   22   -356,-0.1  -354,-2.0  -355,-0.1  -353,-0.4   0.456 108.1-115.5 -98.8  -4.4  106.1   39.4   85.0
  418   45 D L  S  > S+     0   0    1   -355,-0.2     4,-2.3  -356,-0.2     3,-0.4   0.532  73.9 134.9  75.8  20.2  109.2   39.3   87.2
  419   46 D V  H  >  +     0   0   34      1,-0.2     4,-2.0     2,-0.2     5,-0.1   0.848  69.6  50.5 -65.6 -34.7  107.6   41.5   89.8
  420   47 D A  H  > S+     0   0    0      2,-0.3     4,-1.2     1,-0.2    -1,-0.2   0.746 110.0  47.1 -76.5 -33.9  108.7   39.3   92.7
  421   48 D V  H  > S+     0   0    1     -3,-0.4     4,-2.3     2,-0.2    -1,-0.2   0.830 110.6  58.2 -69.1 -40.8  112.4   39.1   91.6
  422   49 D G  H  X S+     0   0    0     -4,-2.3     4,-1.8     1,-0.2    -2,-0.3   0.918 107.2  44.8 -52.7 -49.6  111.9   42.9   91.2
  423   50 D K  H  X S+     0   0   64     -4,-2.0     4,-2.0     1,-0.2    -1,-0.2   0.851 108.9  56.4 -66.3 -36.6  110.9   43.3   94.9
  424   51 D L  H  X S+     0   0    0     -4,-1.2     4,-2.2     1,-0.2    -1,-0.2   0.888 110.2  44.5 -67.4 -40.9  113.7   41.0   96.1
  425   52 D L  H  X S+     0   0    0     -4,-2.3     4,-3.0     2,-0.2    -1,-0.2   0.833 105.8  59.3 -74.6 -31.0  116.3   43.2   94.4
  426   53 D D  H  < S+     0   0   62     -4,-1.8     4,-0.3     2,-0.2    -2,-0.2   0.973 110.1  46.0 -55.0 -50.2  114.8   46.5   95.6
  427   54 D Y  H >< S+     0   0   74     -4,-2.0     3,-1.3     1,-0.2     4,-0.2   0.971 116.0  44.0 -54.6 -54.8  115.3   45.1   99.1
  428   55 D L  H 3< S+     0   0    0     -4,-2.2     3,-0.3     1,-0.3     4,-0.3   0.884 123.5  36.6 -67.1 -26.4  118.9   44.0   98.3
  429   56 D N  T 3< S+     0   0   13     -4,-3.0    -1,-0.3     1,-0.2    -2,-0.2   0.109  77.7 112.6-114.2  26.4  119.8   47.1   96.5
  430   57 D Q  S <  S+     0   0  116     -3,-1.3    -1,-0.2    -4,-0.3    -2,-0.1   0.788  92.7  26.6 -71.2 -21.3  118.0   49.8   98.5
  431   58 D D  S    S+     0   0  132      1,-0.4    -1,-0.2    -3,-0.3    -2,-0.1   0.661 132.3  27.0-116.1 -27.9  121.3   51.4   99.8
  432   59 D D  S >  S-     0   0   84     -4,-0.3     3,-1.2     1,-0.0    -1,-0.4  -0.991  76.1-141.8-120.7 134.7  124.0   50.6   97.2
  433   60 D P  T 3  S+     0   0   87      0, 0.0  -392,-0.4     0, 0.0     3,-0.2   0.730  98.4  44.1 -67.9 -18.4  122.4   50.1   93.7
  434   61 D N  T 3   +     0   0   66      1,-0.1    26,-0.2  -394,-0.1     3,-0.1  -0.091  64.8 117.8-121.4  38.8  124.8   47.3   93.0
  435   62 D T  S <  S+     0   0   31     -3,-1.2     2,-0.3     1,-0.2    25,-0.2   0.860  93.1  16.6 -64.4 -32.2  125.0   45.1   96.2
  436   63 D Y        -     0   0    0     -3,-0.2     2,-0.3    22,-0.2  -395,-0.3  -0.998  62.7-168.2-145.3 135.7  123.5   42.4   93.8
  437   64 D H  E     - L   0 457C  31     20,-2.3    20,-2.1    -2,-0.3  -395,-0.3  -0.916  22.5-140.7-115.0 154.9  123.2   41.7   90.1
  438   65 D Y  E     -hL  42 456C  12   -397,-1.3  -395,-2.1    -2,-0.3     2,-0.3  -0.701  20.8-164.2-120.2 167.3  121.1   38.9   88.6
  439   66 D V  E     -hL  43 455C   1     16,-2.0    16,-2.8    -2,-0.2     2,-0.4  -0.969  25.4-178.3-133.7 129.6  120.9   36.3   85.9
  440   67 D V  E     -hL  44 454C   1   -397,-2.2  -395,-1.9    -2,-0.3    14,-0.2  -0.974  18.2-136.6-132.6 140.2  117.3   34.9   85.3
  441   68 D S        -     0   0    0     12,-2.5    11,-0.1    -2,-0.4     3,-0.1  -0.345  27.7-108.4 -79.2 176.4  116.0   32.2   83.0
  442   69 D E        -     0   0   84      1,-0.1    11,-0.3  -397,-0.1     2,-0.1  -0.448  63.8 -66.5 -82.5 171.2  112.8   32.5   81.0
  443   70 D P        -     0   0   54      0, 0.0     2,-0.3     0, 0.0     9,-0.2  -0.440  58.9-157.6 -69.4 144.6  110.1   30.1   82.4
  444   71 D L  B     +U  451   0G   9      7,-2.3     7,-1.5    -2,-0.1     5,-0.2  -0.937  31.7 107.9-128.4 134.3  110.8   26.5   82.1
  445   72 D G        -     0   0    9     -2,-0.3    38,-0.2     5,-0.2    37,-0.1  -0.328  40.7-157.5 158.9 120.7  108.6   23.3   82.0
  446   73 D R  S    S+     0   0   97     36,-0.3    36,-0.1     1,-0.2     4,-0.1   0.936 105.4  64.9 -66.6 -42.2  107.3   20.5   79.6
  447   74 D N  S    S-     0   0   78      2,-0.1    -1,-0.2     1,-0.1     3,-0.1   0.768 106.4-135.8 -35.4 -44.5  104.7   20.2   82.2
  448   75 D S  S    S+     0   0   87      1,-0.2     2,-0.2    -3,-0.1    -1,-0.1   0.945  78.5  99.0  62.6  63.5  103.5   23.7   81.4
  449   76 D Y  S    S-     0   0  147     -5,-0.2     2,-0.2     2,-0.1    -1,-0.2  -0.638  75.6-149.0-162.7  98.6  103.1   25.2   84.9
  450   77 D K        +     0   0   93     -2,-0.2     2,-0.3    -3,-0.1    -5,-0.2  -0.552  34.7 179.6-113.4 160.2  106.4   27.0   85.0
  451   78 D E  B     -U  444   0G   3     -7,-1.5    -7,-2.3    -2,-0.2   -37,-0.2  -0.918  16.4-139.3-139.0 159.6  109.3   28.3   86.9
  452   79 D R  E     -K  413   0C   8    -39,-2.3   -39,-1.1    -2,-0.3     2,-0.5  -0.612  17.9-120.6-111.3 172.4  112.7   30.1   86.3
  453   80 D Y  E     -     0   0C   1    -11,-0.3   -12,-2.5    -2,-0.2     2,-0.4  -0.972  28.2-167.7-112.6 126.4  116.3   29.9   87.6
  454   81 D L  E     -KL 410 440C   0    -44,-2.0   -44,-1.9    -2,-0.5     2,-0.5  -0.970   5.7-171.6-112.7 119.1  117.5   33.1   89.4
  455   82 D F  E     -KL 409 439C   0    -16,-2.8   -16,-2.0    -2,-0.4     2,-0.4  -0.931   4.5-173.2-103.6 140.1  121.3   33.6   90.2
  456   83 D L  E     +KL 408 438C   0    -48,-2.4   -48,-2.1    -2,-0.5     2,-0.3  -0.994   9.5 176.2-125.7 125.0  122.0   36.6   92.3
  457   84 D F  E     -KL 407 437C  12    -20,-2.1   -20,-2.3    -2,-0.4   -50,-0.2  -0.932  37.5-112.3-131.1 154.3  125.7   37.5   92.9
  458   85 D R    >>  -     0   0   47    -52,-2.2     3,-2.1    -2,-0.3     4,-1.6  -0.732  28.2-151.7 -83.5 114.0  127.7   40.3   94.6
  459   86 D P  T 34 S+     0   0   36      0, 0.0    -1,-0.2     0, 0.0   -23,-0.1   0.711  91.1  63.8 -62.0 -23.0  129.3   42.0   91.7
  460   87 D N  T 34 S+     0   0  118    -25,-0.2     3,-0.1   -26,-0.2    -2,-0.1   0.532 110.4  40.5 -75.2  -7.5  132.2   43.2   93.8
  461   88 D K  T <4 S+     0   0   75     -3,-2.1    32,-0.7     1,-0.4    33,-0.4   0.732 125.6   6.7-113.1 -33.5  133.1   39.5   94.3
  462   89 D V  E  <  -V  492   0H   2     -4,-1.6    -1,-0.4    30,-0.2     2,-0.3  -0.939  60.1-146.9-146.1 163.6  132.6   37.7   91.1
  463   90 D S  E     -V  491   0H  61     28,-1.7    28,-2.2    -2,-0.3     2,-0.6  -0.834  22.8-120.1-126.9 161.7  131.7   38.8   87.5
  464   91 D V  E     -V  490   0H  43     -2,-0.3    26,-0.2    26,-0.2     3,-0.1  -0.944  26.3-179.1-108.3 111.5  129.6   36.8   84.9
  465   92 D L  E     -     0   0H  81     24,-1.5     2,-0.3    -2,-0.6    25,-0.2   0.767  64.4 -21.0 -79.1 -31.7  131.8   36.1   81.8
  466   93 D D  E     -V  489   0H  93     23,-1.1    23,-3.0     2,-0.0     2,-0.3  -0.965  56.1-160.2-172.0 173.2  129.1   34.3   79.9
  467   94 D T  E     +V  488   0H  12     -2,-0.3     2,-0.3    21,-0.2    21,-0.2  -0.995   9.2 169.2-163.9 146.6  125.8   32.4   80.1
  468   95 D Y  E     -V  487   0H  25     19,-2.9    19,-2.9    -2,-0.3     2,-0.5  -0.977  33.3-117.8-160.9 159.4  123.6   30.0   78.2
  469   96 D Q  E     -V  486   0H  52     -2,-0.3    17,-0.2    17,-0.2    15,-0.1  -0.936  44.3-111.1 -99.1 120.9  120.4   27.8   78.6
  470   97 D Y        -     0   0   34     15,-2.3     2,-1.2    -2,-0.5    14,-0.1  -0.146  24.2-127.1 -51.8 138.7  121.3   24.1   78.1
  471   98 D D        +     0   0  123      1,-0.1    -1,-0.1     2,-0.1    -2,-0.0  -0.700  34.4 172.2 -92.0  87.7  119.8   22.7   75.0
  472   99 D D        -     0   0    4     -2,-1.2     8,-2.1     1,-0.1     9,-0.1   0.306  64.3 -86.5 -81.9  10.1  117.8   19.6   76.2
  473  100 D G              0   0   27      6,-0.2     6,-0.6     7,-0.1     5,-0.3   0.611 360.0 360.0  96.3  10.7  116.0   18.8   72.9
  474  101 D a              0   0   83      4,-0.1    10,-0.2     3,-0.1     7,-0.1  -0.000 360.0 360.0 161.6 360.0  113.0   21.1   73.7
  475        !              0   0    0      0, 0.0     0, 0.0     0, 0.0     0, 0.0   0.000 360.0 360.0 360.0 360.0    0.0    0.0    0.0
  476  104 D a              0   0  122     -3,-0.1    -2,-0.1     1,-0.1    -3,-0.0   0.000 360.0 360.0 360.0 -51.8  108.7   16.7   70.5
  477  105 D G        +     0   0   73     -4,-0.1    -3,-0.1    -3,-0.0    -1,-0.1   0.060 360.0  80.2 105.2 -18.9  108.9   14.0   73.2
  478  106 D N        +     0   0  116     -5,-0.3    -4,-0.1     2,-0.0    -5,-0.1   0.855  50.2 128.7 -88.1 -34.1  112.8   13.7   73.7
  479  107 D D        -     0   0   18     -6,-0.6    -6,-0.2     1,-0.1    -7,-0.1   0.248  50.6-146.4 -38.3 125.0  113.8   16.6   75.9
  480  108 D S  S    S+     0   0   33     -8,-2.1     2,-0.3     1,-0.1    -1,-0.1   0.726  70.3  49.1 -72.7 -19.7  115.8   15.4   78.8
  481  109 D F        -     0   0    0      1,-0.2     3,-0.4    -9,-0.1   -36,-0.1  -0.940  56.4-148.7-131.1 151.7  114.7   17.9   81.4
  482  110 D S  S    S+     0   0    6     -2,-0.3     2,-0.5     1,-0.3   -36,-0.3   0.979 108.2  18.8 -64.5 -54.1  111.6   19.4   82.9
  483  111 D R  S    S-     0   0   22     23,-0.3    23,-0.5   -38,-0.2    -1,-0.3  -0.875  90.7-136.0-128.3  86.4  113.6   22.6   83.5
  484  112 D E        -     0   0   27     -2,-0.5    20,-0.0    -3,-0.4    21,-0.0  -0.139  33.4-100.1 -38.1 125.7  116.7   22.8   81.4
  485  113 D P        -     0   0    0      0, 0.0   -15,-2.3     0, 0.0     2,-0.3  -0.169  25.3-136.6 -55.7 133.8  119.8   24.0   83.5
  486  114 D A  E     -V  469   0H   0     18,-0.3    18,-1.8   -17,-0.2     2,-0.4  -0.756  24.2-150.8 -77.2 145.4  120.7   27.6   83.1
  487  115 D V  E     -VW 468 503H   0    -19,-2.9   -19,-2.9    -2,-0.3     2,-0.4  -0.989  16.0-176.8-128.9 128.8  124.5   27.6   82.8
  488  116 D V  E     -VW 467 502H   0     14,-2.0    14,-2.4    -2,-0.4     2,-0.5  -0.985  15.2-150.2-131.4 127.0  126.6   30.6   84.1
  489  117 D K  E     -VW 466 501H  33    -23,-3.0   -24,-1.5    -2,-0.4   -23,-1.1  -0.866  21.1-161.2 -99.3 125.2  130.3   31.0   83.8
  490  118 D F  E     -VW 464 500H   0     10,-3.4    10,-1.6    -2,-0.5     2,-0.4  -0.747  15.4-147.4-106.8 160.7  131.8   33.1   86.6
  491  119 D S  E     +VW 463 499H  28    -28,-2.2   -28,-1.7    -2,-0.3     2,-0.4  -0.991  21.3 179.4-120.0 119.0  135.0   34.9   87.0
  492  120 D S  E     -V  462   0H   0      6,-2.4     3,-0.2    -2,-0.4   -30,-0.2  -0.928  14.4-178.3-119.4 137.1  136.4   35.1   90.6
  493  121 D H  S    S+     0   0  158    -32,-0.7    -1,-0.1    -2,-0.4   -31,-0.1   0.747  77.9  59.3-112.4 -18.0  139.6   36.8   91.6
  494  122 D S  S    S+     0   0   84    -33,-0.4     2,-0.2     4,-0.1    -1,-0.2   0.328  98.5  73.3 -87.5   9.5  139.9   36.2   95.3
  495  123 D T  S    S-     0   0    5      2,-0.2   101,-0.0    -3,-0.2    -3,-0.0  -0.721  84.0-119.0-116.2 174.8  139.8   32.3   95.0
  496  124 D K  S    S+     0   0  108     -2,-0.2     2,-0.3    96,-0.1    -1,-0.1   0.928 108.8  62.4 -73.9 -53.6  142.2   29.6   93.8
  497  125 D V  S    S-     0   0    1     95,-0.3    -2,-0.2    96,-0.2     3,-0.1  -0.614  70.4-175.7 -59.1 126.1  139.8   28.7   91.0
  498  126 D K        +     0   0   93     -2,-0.3    -6,-2.4     1,-0.3     2,-0.3   0.676  67.7  24.2-100.6 -19.9  139.7   31.9   89.0
  499  127 D E  E     +W  491   0H  88     -8,-0.2     2,-0.3    -6,-0.0    -1,-0.3  -0.999  69.2 150.4-142.1 145.9  136.9   30.8   86.4
  500  128 D F  E     -W  490   0H   0    -10,-1.6   -10,-3.4    -2,-0.3     2,-0.3  -0.962  34.1-125.9-172.9 148.5  134.2   28.1   86.8
  501  129 D A  E     -Wx 489 535H   0     33,-1.7    35,-2.4    -2,-0.3     2,-0.4  -0.764  13.2-150.1-102.7 153.0  130.7   27.4   85.6
  502  130 D I  E     -Wx 488 536H   0    -14,-2.4   -14,-2.0    -2,-0.3     2,-0.5  -0.998   7.4-160.5-125.6 124.4  127.7   26.7   87.7
  503  131 D V  E     -Wx 487 537H   1     33,-2.8    35,-2.1    -2,-0.4     2,-0.4  -0.906  13.2-152.2-102.0 130.4  125.0   24.4   86.3
  504  132 D A  E     + x   0 538H   0    -18,-1.8     2,-0.3    -2,-0.5   -18,-0.3  -0.844  18.0 172.3-109.4 132.7  121.6   24.8   88.0
  505  133 D L  E     - x   0 539H   0     33,-1.8    35,-1.2    -2,-0.4     2,-0.6  -0.971  25.6-177.6-146.2 136.3  118.9   22.1   88.3
  506  134 D H  E     - x   0 540H  12    -23,-0.5   -23,-0.3    -2,-0.3    35,-0.2  -0.911  37.0-148.2-117.7 102.5  115.6   21.6   90.1
  507  135 D S        -     0   0    0     33,-2.3     5,-0.1    -2,-0.6     3,-0.1  -0.387  19.5-109.2 -79.9 149.5  114.8   18.1   89.0
  508  136 D A    >>  -     0   0   16      1,-0.2     3,-1.2    -2,-0.1     4,-0.6  -0.601  32.0-137.9 -62.7 117.9  111.3   16.7   88.4
  509  137 D P  G >4 S+     0   0   43      0, 0.0     3,-1.3     0, 0.0     4,-0.3   0.937 103.6  54.3 -48.2 -43.6  111.2   14.3   91.5
  510  138 D S  G 34 S+     0   0  120      1,-0.3     3,-0.1     2,-0.1    -2,-0.1   0.757 117.4  36.2 -59.7 -27.5  109.5   11.6   89.3
  511  139 D D  G X> S+     0   0   60     -3,-1.2     4,-2.0     1,-0.1     3,-1.1   0.311  79.4 121.3-110.8   4.8  112.4   11.9   86.9
  512  140 D A  H <X S+     0   0    1     -3,-1.3     4,-2.6    -4,-0.6     5,-0.3   0.806  70.7  53.8 -45.2 -49.5  115.2   12.5   89.3
  513  141 D V  H 3> S+     0   0   27     34,-0.5     4,-0.8    -4,-0.3    -1,-0.3   0.807 113.0  41.6 -61.2 -37.5  117.3    9.5   88.3
  514  142 D A  H <> S+     0   0   46     -3,-1.1     4,-2.1     2,-0.2    -1,-0.2   0.889 116.5  48.5 -75.9 -41.3  117.4   10.3   84.6
  515  143 D E  H  X S+     0   0    0     -4,-2.0     4,-1.8     2,-0.2    -2,-0.2   0.946 107.8  50.8 -68.7 -45.9  117.9   14.0   85.1
  516  144 D I  H  < S+     0   0    0     -4,-2.6    42,-0.2     1,-0.2    -1,-0.2   0.845 116.4  47.5 -59.6 -27.0  120.9   13.8   87.7
  517  145 D N  H >< S+     0   0   35     -4,-0.8     3,-1.6    -5,-0.3     4,-0.5   0.824 105.9  54.8 -78.7 -38.4  122.4   11.4   85.0
  518  146 D S  H >X S+     0   0   19     -4,-2.1     4,-1.1     1,-0.3     3,-0.8   0.743  92.2  72.7 -71.2 -20.2  121.7   13.7   82.1
  519  147 D L  H 3X S+     0   0    0     -4,-1.8     4,-2.0     1,-0.2    -1,-0.3   0.713  85.5  68.2 -60.8 -16.3  123.6   16.4   83.9
  520  148 D Y  H <> S+     0   0   53     -3,-1.6     4,-1.5     1,-0.2    -1,-0.2   0.920 101.1  46.1 -65.6 -39.7  126.7   14.3   83.0
  521  149 D D  H <> S+     0   0   58     -3,-0.8     4,-1.2    -4,-0.5    -2,-0.2   0.781 108.5  54.2 -69.4 -31.1  125.9   15.3   79.5
  522  150 D V  H  X S+     0   0    0     -4,-1.1     4,-1.9     2,-0.2    -1,-0.2   0.854 106.9  53.0 -73.5 -34.5  125.5   19.1   80.4
  523  151 D Y  H  X S+     0   0   13     -4,-2.0     4,-2.0     1,-0.2    -2,-0.2   0.904 107.5  51.5 -60.5 -42.1  128.9   18.9   82.1
  524  152 D L  H  X S+     0   0   54     -4,-1.5     4,-1.5     1,-0.2    -2,-0.2   0.824 108.0  51.8 -67.4 -26.2  130.2   17.6   78.8
  525  153 D D  H  X S+     0   0   35     -4,-1.2     4,-2.9     2,-0.2     5,-0.3   0.895 105.3  53.8 -75.1 -39.2  128.6   20.5   76.9
  526  154 D V  H  X>S+     0   0    0     -4,-1.9     4,-2.1     1,-0.2     6,-0.6   0.925 110.6  49.1 -62.2 -44.4  130.2   23.1   79.2
  527  155 D Q  H  X5S+     0   0   48     -4,-2.0     4,-1.0     3,-0.2    -1,-0.2   0.826 114.0  44.1 -60.5 -40.5  133.6   21.5   78.4
  528  156 D Q  H  <5S+     0   0  129     -4,-1.5    -2,-0.2     2,-0.2    -3,-0.2   0.971 124.7  34.6 -66.1 -61.1  132.8   21.5   74.5
  529  157 D K  H  <5S+     0   0  101     -4,-2.9    -3,-0.2     1,-0.2    -2,-0.2   0.993 136.7  18.2 -58.6 -69.5  131.5   25.1   74.6
  530  158 D W  H  <5S-     0   0   45     -4,-2.1    -3,-0.2    -5,-0.3    -1,-0.2   0.496  88.2-130.9 -94.3   0.4  133.7   26.7   77.2
  531  159 D H     << +     0   0  154     -4,-1.0     2,-0.4    -5,-0.5    -4,-0.2   0.772  59.5 145.2  55.5  40.5  136.7   24.3   77.6
  532  160 D L        +     0   0   15     -6,-0.6    -1,-0.2     1,-0.1    -2,-0.1  -0.839  37.2 178.1-120.8 128.5  136.2   24.4   81.2
  533  161 D N        +     0   0   83     -2,-0.4     2,-1.1     1,-0.1    -1,-0.1   0.876  65.4  82.5 -95.6 -38.1  136.7   21.7   83.7
  534  162 D D        +     0   0   19    -35,-0.2   -33,-1.7    54,-0.1     2,-0.4  -0.591  60.2 154.4 -74.9  94.8  135.8   23.4   86.9
  535  163 D V  E     -xY 501 589H   0     -2,-1.1    54,-2.5    54,-1.0     2,-0.5  -0.982  31.8-153.9-125.3 140.8  132.1   23.1   87.0
  536  164 D M  E     -xY 502 588H   0    -35,-2.4   -33,-2.8    -2,-0.4     2,-0.5  -0.947   8.7-164.4-110.9 132.9  129.8   23.1   90.0
  537  165 D L  E     +xY 503 587H   0     50,-2.4    50,-3.4    -2,-0.5     2,-0.3  -0.986  24.0 153.5-122.8 128.7  126.4   21.4   89.6
  538  166 D M  E     +xY 504 586H   0    -35,-2.1   -33,-1.8    -2,-0.5     2,-0.3  -0.984   7.1  91.5-157.6 154.6  123.9   22.2   92.2
  539  167 D G  E    S-xY 505 585H   0     46,-1.9    46,-2.0    -2,-0.3     2,-1.1  -0.954  80.5 -39.1 150.1-164.1  120.3   22.5   92.9
  540  168 D D  E     +xY 506 584H   2    -35,-1.2   -33,-2.3    -2,-0.3    44,-0.2  -0.816  54.4 173.1 -98.3  98.0  117.4   20.4   94.3
  541  169 D F        -     0   0    1     42,-1.7    43,-0.2    -2,-1.1   -25,-0.2   0.616  39.2-132.0 -88.2  -3.7  118.2   17.2   92.8
  542  170 D N        +     0   0   10     41,-1.3     2,-1.1     1,-0.2    41,-0.2   0.861  51.6 162.6  49.0  39.8  115.4   15.2   94.6
  543  171 D A        +     0   0    0     40,-1.0     2,-0.3    39,-0.1    39,-0.2  -0.220  38.2  31.1 -91.1  48.4  118.3   13.0   95.2
  544  172 D D  S >> S+     0   0   31     -2,-1.1     3,-1.2    37,-0.1     4,-0.5  -0.976  89.6  33.9 179.4 179.5  117.4   10.7   98.1
  545  173 D b  T 34 S-     0   0   47     -2,-0.3     3,-0.4     1,-0.3    36,-0.0  -0.196 123.1 -11.3  49.2-132.4  114.6    9.0   99.9
  546  174 D S  T 34 S+     0   0   86      1,-0.2    -1,-0.3     3,-0.1     3,-0.2   0.861 133.7  60.1 -63.3 -33.1  111.8    7.8   97.5
  547  175 D Y  T <4 S+     0   0   92     -3,-1.2   -34,-0.5     1,-0.2     2,-0.3   0.857 120.1  13.2 -76.2 -31.5  113.0    9.7   94.5
  548  176 D V  S  < S-     0   0    1     -4,-0.5    -1,-0.2    -3,-0.4     2,-0.2  -0.972  76.1-170.7-137.8 126.5  116.6    8.1   94.2
  549  177 D T    >>  -     0   0   57     -2,-0.3     4,-1.4    -3,-0.2     3,-1.0  -0.609  40.3 -89.9-111.8 177.1  117.5    4.9   96.1
  550  178 D S  T 34 S+     0   0  109      1,-0.3     4,-0.4    -2,-0.2    -1,-0.0   0.787 123.8  47.0 -56.2 -34.8  120.6    2.9   96.8
  551  179 D S  T 34 S+     0   0   94      1,-0.2     3,-0.4     2,-0.1    -1,-0.3   0.756 106.1  58.8 -80.0 -27.0  120.3    0.7   93.7
  552  180 D Q  T X4 S+     0   0   67     -3,-1.0     3,-2.7     1,-0.2    -2,-0.2   0.817  88.2  73.6 -75.0 -28.2  119.5    3.6   91.4
  553  181 D W  G >< S+     0   0   28     -4,-1.4     3,-2.2     1,-0.3     6,-0.3   0.856  83.7  69.0 -51.4 -34.3  122.7    5.5   92.1
  554  182 D S  G 3  S+     0   0   96     -3,-0.4    -1,-0.3    -4,-0.4    -2,-0.2   0.652  96.0  54.8 -63.9 -14.7  124.6    2.9   90.0
  555  183 D S  G <  S+     0   0   67     -3,-2.7     2,-0.6    -4,-0.1    -1,-0.3   0.041  87.2  90.6-105.0  23.9  122.8    4.3   87.0
  556  184 D I    X>  -     0   0    0     -3,-2.2     4,-2.1     1,-0.2     3,-1.6  -0.948  56.5-163.4-124.0 111.7  123.9    8.0   87.4
  557  185 D R  H 3> S+     0   0   80     -2,-0.6     4,-2.7     1,-0.3    -1,-0.2   0.830  90.7  65.6 -56.6 -31.0  127.1    8.8   85.7
  558  186 D L  H 34 S+     0   0    0      1,-0.2    -1,-0.3   -42,-0.2     6,-0.1   0.708 111.3  37.0 -67.2 -21.1  127.3   11.9   87.7
  559  187 D R  H <4 S+     0   0   65     -3,-1.6    -2,-0.2    -6,-0.3    -1,-0.2   0.810 118.6  45.4 -94.8 -38.9  127.7    9.6   90.7
  560  188 D T  H  < S+     0   0   88     -4,-2.1    -2,-0.2    -7,-0.2    -3,-0.2   0.896  92.3  85.3 -81.3 -38.2  129.8    6.8   89.2
  561  189 D S  S >< S-     0   0   27     -4,-2.7     3,-0.8     1,-0.2    -5,-0.0  -0.362  70.5-148.2 -62.8 125.4  132.4    8.9   87.4
  562  190 D S  T 3  S+     0   0  119      1,-0.2    -1,-0.2    -2,-0.1    -4,-0.1   0.174  84.7  90.9 -79.7  10.6  135.0    9.8   89.9
  563  191 D T  T 3  S+     0   0   55      1,-0.1     2,-0.5    26,-0.1    27,-0.3   0.895  83.5  65.7 -65.2 -35.2  135.4   13.1   87.9
  564  192 D F    <   -     0   0   11     -3,-0.8     2,-0.6    25,-0.1    25,-0.2  -0.680  67.8-158.0-106.5 129.6  132.8   14.5   90.3
  565  193 D Q  E     -Z  588   0H  84     23,-2.8    23,-2.8    -2,-0.5     2,-0.5  -0.834  17.2-145.7 -97.0 118.5  133.2   15.0   94.0
  566  194 D W  E     -Z  587   0H  34     -2,-0.6    21,-0.2    21,-0.2    -7,-0.0  -0.847  15.9-174.1 -91.4 123.1  129.7   15.2   95.7
  567  195 D L        +     0   0   24     19,-2.6    20,-0.1    -2,-0.5    -1,-0.1   0.654  67.2  60.0 -94.7 -29.8  129.8   17.6   98.6
  568  196 D I  S    S-     0   0    0     18,-0.6    18,-0.1    14,-0.1    35,-0.1  -0.965  90.0-138.9-100.8 115.9  126.5   17.4  100.4
  569  197 D P        -     0   0   57      0, 0.0     3,-0.2     0, 0.0    -2,-0.1  -0.253  21.6-104.2 -71.7 171.8  126.5   13.7  101.5
  570  198 D D  S    S+     0   0   65      1,-0.2    12,-0.3    -2,-0.1    -2,-0.0   0.526 117.4  68.5 -75.1  -8.3  123.6   11.3  101.4
  571  199 D S  S    S+     0   0   93     10,-0.1    -1,-0.2     2,-0.1    -3,-0.0   0.969  77.7 101.7 -67.2 -58.0  123.5   11.7  105.2
  572  200 D A        -     0   0   18     -3,-0.2     2,-0.5     1,-0.1    12,-0.1   0.255  61.7-146.6 -44.8 136.7  122.4   15.3  105.1
  573  201 D D        +     0   0   55      9,-0.1     9,-0.2     7,-0.1    -1,-0.1  -0.936  24.0 168.9 -96.3 124.3  118.8   16.4  105.7
  574  202 D T        +     0   0    0      7,-2.7    51,-2.1    -2,-0.5     2,-0.4   0.179  44.1 102.2-127.8  17.1  118.2   19.4  103.6
  575  203 D T  B     -A  624   0I   4      6,-0.3    49,-0.3    49,-0.2    48,-0.1  -0.828  61.0-151.1 -97.5 142.3  114.4   19.5  104.1
  576  204 D A  S    S+     0   0    4     47,-2.1    48,-0.2    -2,-0.4    -1,-0.1   0.679  79.9  78.2 -76.6 -18.8  112.7   21.9  106.4
  577  205 D T  S    S-     0   0   42     46,-0.9    -2,-0.2    41,-0.1    -3,-0.0  -0.360 105.9 -87.4 -83.2 169.4  109.9   19.3  106.9
  578  206 D S  S    S+     0   0  132     -2,-0.1    -1,-0.1     2,-0.1    -3,-0.0   0.640  98.1  95.7 -43.8 -29.1  110.0   16.2  109.1
  579  207 D T        -     0   0   61      1,-0.1     2,-0.5    -6,-0.0    -4,-0.2  -0.178  69.1-137.8 -60.4 157.0  111.5   14.0  106.3
  580  208 D N        +     0   0   92     -7,-0.1     2,-0.3    -6,-0.1   -35,-0.2  -0.883  42.7 139.9-127.1 106.4  115.3   13.4  106.2
  581  209 D b        -     0   0    3     -2,-0.5    -7,-2.7   -37,-0.1     2,-0.9  -0.986  53.0-138.3-148.0 146.4  116.7   13.6  102.7
  582  210 D A        +     0   0    0     -2,-0.3   -39,-0.1   -12,-0.3    -9,-0.1  -0.675  50.4 144.9-103.0  66.8  119.7   14.9  101.0
  583  211 D Y        +     0   0   22     -2,-0.9   -42,-1.7   -41,-0.2   -41,-1.3   0.712  53.4  71.1 -75.1 -23.4  117.6   16.2   98.1
  584  212 D D  E     -Y  540   0H   0    -44,-0.2     2,-0.3    -3,-0.2   -44,-0.2  -0.917  68.2-178.3-111.8 120.7  119.8   19.2   97.7
  585  213 D R  E     -Y  539   0H   0    -46,-2.0   -46,-1.9    -2,-0.5     2,-0.4  -0.831  29.9-164.0-125.0 155.1  123.2   18.8   96.3
  586  214 D I  E     -Y  538   0H   0     -2,-0.3   -19,-2.6   -48,-0.2   -18,-0.6  -0.986  22.4-176.3-127.1 121.9  126.4   20.6   95.3
  587  215 D V  E     -YZ 537 566H   0    -50,-3.4   -50,-2.4    -2,-0.4     2,-0.5  -0.941   6.3-160.7-119.7 134.2  128.7   18.5   93.0
  588  216 D V  E     +YZ 536 565H   0    -23,-2.8   -23,-2.8    -2,-0.4     2,-0.3  -0.962  13.7 173.8-126.4 129.3  132.2   19.8   91.9
  589  217 D A  E     +Y  535   0H   0    -54,-2.5   -54,-1.0    -2,-0.5     4,-0.1  -0.843  43.8  76.3-116.9 161.9  134.3   18.7   89.0
  590  218 D G  S  > S-     0   0    9    -27,-0.3     4,-2.0    -2,-0.3     5,-0.1   0.191  72.7-119.0 107.8 134.4  137.6   20.4   88.0
  591  219 D S  H  > S+     0   0  101      2,-0.2     4,-0.7     1,-0.2    -1,-0.1   0.837 113.2  42.7 -76.2 -32.9  140.9   20.0   89.8
  592  220 D L  H  > S+     0   0   90      2,-0.2     4,-1.0     3,-0.1     3,-0.5   0.924 112.1  52.9 -80.5 -43.6  141.3   23.6   90.8
  593  221 D L  H >> S+     0   0    0      1,-0.2     3,-1.6     2,-0.2     4,-0.9   0.959 111.2  48.9 -56.8 -50.9  137.6   24.0   91.8
  594  222 D Q  H 3< S+     0   0   53     -4,-2.0    -1,-0.2     1,-0.3    -2,-0.2   0.756 108.9  52.5 -59.9 -24.4  138.0   20.9   94.1
  595  223 D S  H 3< S+     0   0   52     -4,-0.7    -1,-0.3    -3,-0.5    -2,-0.2   0.643 106.3  55.1 -84.8 -20.2  141.1   22.4   95.6
  596  224 D S  H << S+     0   0    0     -3,-1.6    36,-1.4    -4,-1.0     2,-0.3   0.609  79.9 103.2 -81.5 -24.8  139.3   25.7   96.3
  597  225 D V  B  < S-B  631   0J  17     -4,-0.9    34,-0.2    34,-0.2     3,-0.0  -0.533  76.1-128.4 -63.3 121.7  136.5   24.1   98.4
  598  226 D V    >   -     0   0   48     32,-2.3     3,-1.1    -2,-0.3    32,-0.3  -0.616  37.6-100.7 -71.6 120.0  137.2   24.8  102.1
  599  227 D P  T 3  S+     0   0  120      0, 0.0    -1,-0.1     0, 0.0     0, 0.0  -0.166  98.8   2.7 -55.8 124.4  137.0   21.4  103.8
  600  228 D G  T 3  S+     0   0   84    -33,-0.1    29,-0.0     1,-0.1    -2,-0.0   0.868  93.6 111.3  67.6  42.1  133.9   20.8  105.6
  601  229 D S    <   +     0   0   22     -3,-1.1     2,-0.7    29,-0.1    27,-0.2   0.458  51.1 100.5-107.5  -1.3  132.0   24.0  104.7
  602  230 D A        +     0   0   21     -4,-0.3    27,-0.2    27,-0.1    -2,-0.0  -0.644  52.3 114.4 -92.5 119.7  129.6   22.2  102.5
  603  231 D A  E     -M  628   0C  40     25,-1.7    25,-2.8    -2,-0.7     2,-0.1  -0.977  63.9 -90.4-172.1 162.8  126.4   21.8  104.4
  604  232 D P  E     -M  627   0C  37      0, 0.0     2,-0.7     0, 0.0    23,-0.2  -0.329  39.9-120.5 -79.0 168.4  122.7   22.8  104.6
  605  233 D F        -     0   0   26     21,-1.9     2,-2.0   -31,-0.1     3,-0.2  -0.887  11.5-153.0-125.3 113.1  121.6   25.8  106.5
  606  234 D D     >  +     0   0   62     -2,-0.7     4,-3.0     1,-0.2     5,-0.2  -0.528  23.1 168.0 -82.4  83.7  119.2   25.4  109.2
  607  235 D F  H  > S+     0   0    0     -2,-2.0     4,-2.4     2,-0.2     6,-0.5   0.852  76.6  55.9 -70.4 -33.1  117.5   28.7  109.2
  608  236 D Q  H  4>S+     0   0   30     -3,-0.2     5,-1.2     1,-0.2     3,-0.4   0.985 116.2  37.7 -60.0 -53.1  114.8   27.5  111.5
  609  237 D A  H >45S+     0   0   70      1,-0.2     3,-0.7     3,-0.2    -2,-0.2   0.877 121.0  46.8 -70.8 -26.0  117.4   26.4  114.0
  610  238 D A  H 3<5S+     0   0   59     -4,-3.0    -1,-0.2     1,-0.3    -2,-0.2   0.703 119.8  35.9 -82.1 -29.9  119.6   29.4  113.3
  611  239 D Y  T 3<5S-     0   0   43     -4,-2.4    -1,-0.3    -3,-0.4    -2,-0.2  -0.043 108.3-117.9-111.3  13.0  117.0   32.1  113.4
  612  240 D G  T < 5 +     0   0   66     -3,-0.7    -3,-0.2    -4,-0.2    -4,-0.2   0.682  54.6 168.2  57.1  17.8  115.0   30.4  116.2
  613  241 D L      < -     0   0   18     -5,-1.2    -1,-0.1    -6,-0.5     2,-0.1  -0.112  34.3-117.5 -60.0 158.3  112.0   30.0  113.9
  614  242 D S     >  -     0   0   54      1,-0.1     4,-1.8    -5,-0.0     5,-0.2  -0.303  30.9-104.7 -77.5-179.2  109.0   27.9  114.9
  615  243 D N  H  > S+     0   0  109      2,-0.2     4,-2.0     3,-0.1     5,-0.3   0.970 124.4  52.4 -70.4 -44.1  108.1   24.9  112.8
  616  244 D E  H  > S+     0   0  158      1,-0.2     4,-1.3     2,-0.2    -1,-0.1   0.899 113.2  42.3 -54.3 -45.4  105.2   27.1  111.4
  617  245 D M  H >> S+     0   0   46      2,-0.2     3,-1.1     1,-0.2     4,-1.0   0.985 110.7  54.8 -71.1 -53.0  107.4   30.0  110.4
  618  246 D A  H >X S+     0   0    0     -4,-1.8     4,-2.0     1,-0.3     3,-1.0   0.845 110.8  45.3 -49.9 -41.6  110.3   28.0  108.9
  619  247 D L  H 3< S+     0   0   44     -4,-2.0    -1,-0.3     1,-0.3    -2,-0.2   0.809 101.7  64.5 -76.7 -25.3  108.0   26.2  106.6
  620  248 D A  H << S+     0   0   34     -4,-1.3    -1,-0.3    -3,-1.1    -2,-0.2   0.756 107.0  46.0 -65.2 -25.2  106.3   29.3  105.6
  621  249 D I  H << S-     0   0    0     -4,-1.0     2,-0.3    -3,-1.0    -2,-0.2   0.948 133.8 -44.8 -74.4 -66.8  109.7   30.4  104.1
  622  250 D S     <  -     0   0    0     -4,-2.0    -1,-0.3  -241,-0.2  -241,-0.1  -0.980  32.6-124.5-162.4 158.9  110.4   27.0  102.4
  623  251 D D  S    S+     0   0   40     -2,-0.3   -47,-2.1    -3,-0.1   -46,-0.9   0.323  96.9  60.1 -83.9   7.1  110.2   23.3  102.8
  624  252 D H  B    S-A  575   0I  14   -244,-0.4   -49,-0.2   -49,-0.3  -242,-0.1  -0.811  74.8-131.8-130.1 163.4  113.9   23.2  101.9
  625  253 D Y        -     0   0   18    -51,-2.1  -245,-0.3    -2,-0.2   -19,-0.1  -0.873  31.2-102.3-116.3 156.4  117.2   24.6  103.3
  626  254 D P        -     0   0    0      0, 0.0   -21,-1.9     0, 0.0     2,-0.6  -0.441  29.6-144.7 -62.8 142.6  120.0   26.4  101.3
  627  255 D V  E     -IM 378 604C   0   -249,-2.1  -249,-2.0   -23,-0.2     2,-0.3  -0.992  27.5-174.6-105.9 126.2  122.9   24.1  100.7
  628  256 D E  E     -IM 377 603C  20    -25,-2.8   -25,-1.7    -2,-0.6     2,-0.3  -0.760  18.9-178.1-113.4 166.2  126.1   26.2  100.9
  629  257 D V  E     -I  376   0C   0   -253,-2.3  -253,-3.0    -2,-0.3     2,-0.4  -0.959  18.7-136.9-154.3 156.4  129.8   25.8  100.3
  630  258 D T  E     -I  375   0C  34    -32,-0.3   -32,-2.3    -2,-0.3     2,-0.3  -0.978  14.3-159.2-115.0 130.1  132.8   28.2  100.7
  631  259 D L  B      B  597   0J   2   -257,-2.4   -34,-0.2    -2,-0.4   -37,-0.1  -0.674 360.0 360.0-101.1 167.8  135.6   28.5   98.1
  632  260 D T              0   0   73    -36,-1.4   -35,-0.1    -2,-0.3    -1,-0.1   0.388 360.0 360.0-145.9 360.0  139.0   29.9   98.9
